[2.010s] DEBUG:colcon:Command line arguments: ['/usr/bin/colcon', 'build', '--symlink-install']
[2.010s] DEBUG:colcon:Parsed command line arguments: Namespace(log_base=None, log_level=None, verb_name='build', build_base='build', install_base='install', merge_install=False, symlink_install=True, test_result_base=None, continue_on_error=False, executor='parallel', parallel_workers=8, event_handlers=None, ignore_user_meta=False, metas=['./colcon.meta'], base_paths=['.'], packages_ignore=None, packages_ignore_regex=None, paths=None, packages_up_to=None, packages_up_to_regex=None, packages_above=None, packages_above_and_dependencies=None, packages_above_depth=None, packages_select_by_dep=None, packages_skip_by_dep=None, packages_skip_up_to=None, packages_select_build_failed=False, packages_skip_build_finished=False, packages_select_test_failures=False, packages_skip_test_passed=False, packages_select=None, packages_skip=None, packages_select_regex=None, packages_skip_regex=None, packages_start=None, packages_end=None, allow_overriding=[], cmake_args=None, cmake_target=None, cmake_target_skip_unavailable=False, cmake_clean_cache=False, cmake_clean_first=False, cmake_force_configure=False, ament_cmake_args=None, catkin_cmake_args=None, catkin_skip_building_tests=False, verb_parser=<colcon_defaults.argument_parser.defaults.DefaultArgumentsDecorator object at 0x7f803f9af3a0>, verb_extension=<colcon_core.verb.build.BuildVerb object at 0x7f803f988fd0>, main=<bound method BuildVerb.main of <colcon_core.verb.build.BuildVerb object at 0x7f803f988fd0>>)
[2.112s] Level 1:colcon.colcon_core.package_discovery:discover_packages(colcon_meta) check parameters
[2.112s] Level 1:colcon.colcon_core.package_discovery:discover_packages(recursive) check parameters
[2.112s] Level 1:colcon.colcon_core.package_discovery:discover_packages(ignore) check parameters
[2.112s] Level 1:colcon.colcon_core.package_discovery:discover_packages(path) check parameters
[2.112s] Level 1:colcon.colcon_core.package_discovery:discover_packages(colcon_meta) discover
[2.112s] Level 1:colcon.colcon_core.package_discovery:discover_packages(recursive) discover
[2.113s] INFO:colcon.colcon_core.package_discovery:Crawling recursively for packages in '/home/electronica/ros2_ws_v2'
[2.113s] Level 1:colcon.colcon_core.package_identification:_identify(.) by extensions ['ignore', 'ignore_ament_install']
[2.113s] Level 1:colcon.colcon_core.package_identification:_identify(.) by extension 'ignore'
[2.113s] Level 1:colcon.colcon_core.package_identification:_identify(.) by extension 'ignore_ament_install'
[2.113s] Level 1:colcon.colcon_core.package_identification:_identify(.) by extensions ['colcon_pkg']
[2.113s] Level 1:colcon.colcon_core.package_identification:_identify(.) by extension 'colcon_pkg'
[2.113s] Level 1:colcon.colcon_core.package_identification:_identify(.) by extensions ['colcon_meta']
[2.113s] Level 1:colcon.colcon_core.package_identification:_identify(.) by extension 'colcon_meta'
[2.113s] Level 1:colcon.colcon_core.package_identification:_identify(.) by extensions ['ros']
[2.113s] Level 1:colcon.colcon_core.package_identification:_identify(.) by extension 'ros'
[2.129s] Level 1:colcon.colcon_core.package_identification:_identify(.) by extensions ['cmake', 'python']
[2.129s] Level 1:colcon.colcon_core.package_identification:_identify(.) by extension 'cmake'
[2.129s] Level 1:colcon.colcon_core.package_identification:_identify(.) by extension 'python'
[2.130s] Level 1:colcon.colcon_core.package_identification:_identify(.) by extensions ['python_setup_py']
[2.130s] Level 1:colcon.colcon_core.package_identification:_identify(.) by extension 'python_setup_py'
[2.130s] Level 1:colcon.colcon_core.package_identification:_identify(build) by extensions ['ignore', 'ignore_ament_install']
[2.130s] Level 1:colcon.colcon_core.package_identification:_identify(build) by extension 'ignore'
[2.130s] Level 1:colcon.colcon_core.package_identification:_identify(build) ignored
[2.130s] Level 1:colcon.colcon_core.package_identification:_identify(install) by extensions ['ignore', 'ignore_ament_install']
[2.130s] Level 1:colcon.colcon_core.package_identification:_identify(install) by extension 'ignore'
[2.130s] Level 1:colcon.colcon_core.package_identification:_identify(install) ignored
[2.131s] Level 1:colcon.colcon_core.package_identification:_identify(log) by extensions ['ignore', 'ignore_ament_install']
[2.131s] Level 1:colcon.colcon_core.package_identification:_identify(log) by extension 'ignore'
[2.131s] Level 1:colcon.colcon_core.package_identification:_identify(log) ignored
[2.131s] Level 1:colcon.colcon_core.package_identification:_identify(src) by extensions ['ignore', 'ignore_ament_install']
[2.131s] Level 1:colcon.colcon_core.package_identification:_identify(src) by extension 'ignore'
[2.131s] Level 1:colcon.colcon_core.package_identification:_identify(src) by extension 'ignore_ament_install'
[2.131s] Level 1:colcon.colcon_core.package_identification:_identify(src) by extensions ['colcon_pkg']
[2.131s] Level 1:colcon.colcon_core.package_identification:_identify(src) by extension 'colcon_pkg'
[2.131s] Level 1:colcon.colcon_core.package_identification:_identify(src) by extensions ['colcon_meta']
[2.131s] Level 1:colcon.colcon_core.package_identification:_identify(src) by extension 'colcon_meta'
[2.132s] Level 1:colcon.colcon_core.package_identification:_identify(src) by extensions ['ros']
[2.132s] Level 1:colcon.colcon_core.package_identification:_identify(src) by extension 'ros'
[2.132s] Level 1:colcon.colcon_core.package_identification:_identify(src) by extensions ['cmake', 'python']
[2.132s] Level 1:colcon.colcon_core.package_identification:_identify(src) by extension 'cmake'
[2.132s] Level 1:colcon.colcon_core.package_identification:_identify(src) by extension 'python'
[2.132s] Level 1:colcon.colcon_core.package_identification:_identify(src) by extensions ['python_setup_py']
[2.132s] Level 1:colcon.colcon_core.package_identification:_identify(src) by extension 'python_setup_py'
[2.132s] Level 1:colcon.colcon_core.package_identification:_identify(src/my_robot_bringup) by extensions ['ignore', 'ignore_ament_install']
[2.132s] Level 1:colcon.colcon_core.package_identification:_identify(src/my_robot_bringup) by extension 'ignore'
[2.132s] Level 1:colcon.colcon_core.package_identification:_identify(src/my_robot_bringup) by extension 'ignore_ament_install'
[2.133s] Level 1:colcon.colcon_core.package_identification:_identify(src/my_robot_bringup) by extensions ['colcon_pkg']
[2.133s] Level 1:colcon.colcon_core.package_identification:_identify(src/my_robot_bringup) by extension 'colcon_pkg'
[2.133s] Level 1:colcon.colcon_core.package_identification:_identify(src/my_robot_bringup) by extensions ['colcon_meta']
[2.133s] Level 1:colcon.colcon_core.package_identification:_identify(src/my_robot_bringup) by extension 'colcon_meta'
[2.133s] Level 1:colcon.colcon_core.package_identification:_identify(src/my_robot_bringup) by extensions ['ros']
[2.133s] Level 1:colcon.colcon_core.package_identification:_identify(src/my_robot_bringup) by extension 'ros'
[2.136s] DEBUG:colcon.colcon_core.package_identification:Package 'src/my_robot_bringup' with type 'ros.ament_cmake' and name 'my_robot_bringup'
[2.136s] Level 1:colcon.colcon_core.package_identification:_identify(src/my_robot_description) by extensions ['ignore', 'ignore_ament_install']
[2.136s] Level 1:colcon.colcon_core.package_identification:_identify(src/my_robot_description) by extension 'ignore'
[2.136s] Level 1:colcon.colcon_core.package_identification:_identify(src/my_robot_description) by extension 'ignore_ament_install'
[2.136s] Level 1:colcon.colcon_core.package_identification:_identify(src/my_robot_description) by extensions ['colcon_pkg']
[2.136s] Level 1:colcon.colcon_core.package_identification:_identify(src/my_robot_description) by extension 'colcon_pkg'
[2.137s] Level 1:colcon.colcon_core.package_identification:_identify(src/my_robot_description) by extensions ['colcon_meta']
[2.137s] Level 1:colcon.colcon_core.package_identification:_identify(src/my_robot_description) by extension 'colcon_meta'
[2.137s] Level 1:colcon.colcon_core.package_identification:_identify(src/my_robot_description) by extensions ['ros']
[2.137s] Level 1:colcon.colcon_core.package_identification:_identify(src/my_robot_description) by extension 'ros'
[2.137s] DEBUG:colcon.colcon_core.package_identification:Package 'src/my_robot_description' with type 'ros.ament_cmake' and name 'my_robot_description'
[2.137s] Level 1:colcon.colcon_core.package_discovery:discover_packages(recursive) using defaults
[2.137s] Level 1:colcon.colcon_core.package_discovery:discover_packages(ignore) discover
[2.138s] Level 1:colcon.colcon_core.package_discovery:discover_packages(ignore) using defaults
[2.138s] Level 1:colcon.colcon_core.package_discovery:discover_packages(path) discover
[2.138s] Level 1:colcon.colcon_core.package_discovery:discover_packages(path) using defaults
[2.318s] Level 1:colcon.colcon_core.package_discovery:discover_packages(prefix_path) check parameters
[2.318s] Level 1:colcon.colcon_core.package_discovery:discover_packages(prefix_path) discover
[2.412s] DEBUG:colcon.colcon_installed_package_information.package_discovery:Found 2 installed packages in /home/electronica/ros2_ws_v2/install
[2.456s] DEBUG:colcon.colcon_installed_package_information.package_discovery:Found 5 installed packages in /home/electronica/ros2_ws/install
[2.488s] DEBUG:colcon.colcon_installed_package_information.package_discovery:Found 327 installed packages in /opt/ros/humble
[2.491s] Level 1:colcon.colcon_core.package_discovery:discover_packages(prefix_path) using defaults
[2.864s] Level 5:colcon.colcon_core.verb:set package 'my_robot_description' build argument 'cmake_args' from command line to 'None'
[2.864s] Level 5:colcon.colcon_core.verb:set package 'my_robot_description' build argument 'cmake_target' from command line to 'None'
[2.864s] Level 5:colcon.colcon_core.verb:set package 'my_robot_description' build argument 'cmake_target_skip_unavailable' from command line to 'False'
[2.864s] Level 5:colcon.colcon_core.verb:set package 'my_robot_description' build argument 'cmake_clean_cache' from command line to 'False'
[2.864s] Level 5:colcon.colcon_core.verb:set package 'my_robot_description' build argument 'cmake_clean_first' from command line to 'False'
[2.865s] Level 5:colcon.colcon_core.verb:set package 'my_robot_description' build argument 'cmake_force_configure' from command line to 'False'
[2.865s] Level 5:colcon.colcon_core.verb:set package 'my_robot_description' build argument 'ament_cmake_args' from command line to 'None'
[2.865s] Level 5:colcon.colcon_core.verb:set package 'my_robot_description' build argument 'catkin_cmake_args' from command line to 'None'
[2.865s] Level 5:colcon.colcon_core.verb:set package 'my_robot_description' build argument 'catkin_skip_building_tests' from command line to 'False'
[2.865s] DEBUG:colcon.colcon_core.verb:Building package 'my_robot_description' with the following arguments: {'ament_cmake_args': None, 'build_base': '/home/electronica/ros2_ws_v2/build/my_robot_description', 'catkin_cmake_args': None, 'catkin_skip_building_tests': False, 'cmake_args': None, 'cmake_clean_cache': False, 'cmake_clean_first': False, 'cmake_force_configure': False, 'cmake_target': None, 'cmake_target_skip_unavailable': False, 'install_base': '/home/electronica/ros2_ws_v2/install/my_robot_description', 'merge_install': False, 'path': '/home/electronica/ros2_ws_v2/src/my_robot_description', 'symlink_install': True, 'test_result_base': None}
[2.895s] Level 5:colcon.colcon_core.verb:set package 'my_robot_bringup' build argument 'cmake_args' from command line to 'None'
[2.895s] Level 5:colcon.colcon_core.verb:set package 'my_robot_bringup' build argument 'cmake_target' from command line to 'None'
[2.895s] Level 5:colcon.colcon_core.verb:set package 'my_robot_bringup' build argument 'cmake_target_skip_unavailable' from command line to 'False'
[2.895s] Level 5:colcon.colcon_core.verb:set package 'my_robot_bringup' build argument 'cmake_clean_cache' from command line to 'False'
[2.895s] Level 5:colcon.colcon_core.verb:set package 'my_robot_bringup' build argument 'cmake_clean_first' from command line to 'False'
[2.895s] Level 5:colcon.colcon_core.verb:set package 'my_robot_bringup' build argument 'cmake_force_configure' from command line to 'False'
[2.895s] Level 5:colcon.colcon_core.verb:set package 'my_robot_bringup' build argument 'ament_cmake_args' from command line to 'None'
[2.895s] Level 5:colcon.colcon_core.verb:set package 'my_robot_bringup' build argument 'catkin_cmake_args' from command line to 'None'
[2.895s] Level 5:colcon.colcon_core.verb:set package 'my_robot_bringup' build argument 'catkin_skip_building_tests' from command line to 'False'
[2.895s] DEBUG:colcon.colcon_core.verb:Building package 'my_robot_bringup' with the following arguments: {'ament_cmake_args': None, 'build_base': '/home/electronica/ros2_ws_v2/build/my_robot_bringup', 'catkin_cmake_args': None, 'catkin_skip_building_tests': False, 'cmake_args': None, 'cmake_clean_cache': False, 'cmake_clean_first': False, 'cmake_force_configure': False, 'cmake_target': None, 'cmake_target_skip_unavailable': False, 'install_base': '/home/electronica/ros2_ws_v2/install/my_robot_bringup', 'merge_install': False, 'path': '/home/electronica/ros2_ws_v2/src/my_robot_bringup', 'symlink_install': True, 'test_result_base': None}
[2.925s] INFO:colcon.colcon_core.executor:Executing jobs using 'parallel' executor
[2.955s] DEBUG:colcon.colcon_parallel_executor.executor.parallel:run_until_complete
[2.956s] INFO:colcon.colcon_ros.task.ament_cmake.build:Building ROS package in '/home/electronica/ros2_ws_v2/src/my_robot_description' with build type 'ament_cmake'
[2.956s] INFO:colcon.colcon_cmake.task.cmake.build:Building CMake package in '/home/electronica/ros2_ws_v2/src/my_robot_description'
[2.992s] INFO:colcon.colcon_core.plugin_system:Skipping extension 'colcon_core.shell.bat': Not used on non-Windows systems
[2.992s] INFO:colcon.colcon_core.shell:Skip shell extension 'powershell' for command environment: Not usable outside of PowerShell
[2.992s] DEBUG:colcon.colcon_core.shell:Skip shell extension 'dsv' for command environment
[3.150s] DEBUG:colcon.colcon_core.event_handler.log_command:Invoking command in '/home/electronica/ros2_ws_v2/build/my_robot_description': CMAKE_PREFIX_PATH=${CMAKE_PREFIX_PATH}:/home/electronica/ros2_ws/install/turtlesim_catch_them_all:/home/electronica/ros2_ws/install/my_py_pkg:/opt/ros/humble /usr/bin/cmake --build /home/electronica/ros2_ws_v2/build/my_robot_description -- -j8 -l8
[3.393s] DEBUG:colcon.colcon_core.event_handler.log_command:Invoked command in '/home/electronica/ros2_ws_v2/build/my_robot_description' returned '0': CMAKE_PREFIX_PATH=${CMAKE_PREFIX_PATH}:/home/electronica/ros2_ws/install/turtlesim_catch_them_all:/home/electronica/ros2_ws/install/my_py_pkg:/opt/ros/humble /usr/bin/cmake --build /home/electronica/ros2_ws_v2/build/my_robot_description -- -j8 -l8
[3.446s] DEBUG:colcon.colcon_core.event_handler.log_command:Invoking command in '/home/electronica/ros2_ws_v2/build/my_robot_description': CMAKE_PREFIX_PATH=${CMAKE_PREFIX_PATH}:/home/electronica/ros2_ws/install/turtlesim_catch_them_all:/home/electronica/ros2_ws/install/my_py_pkg:/opt/ros/humble /usr/bin/cmake --install /home/electronica/ros2_ws_v2/build/my_robot_description
[3.580s] Level 1:colcon.colcon_core.environment:create_environment_scripts_only(my_robot_description)
[3.582s] DEBUG:colcon.colcon_core.event_handler.log_command:Invoked command in '/home/electronica/ros2_ws_v2/build/my_robot_description' returned '0': CMAKE_PREFIX_PATH=${CMAKE_PREFIX_PATH}:/home/electronica/ros2_ws/install/turtlesim_catch_them_all:/home/electronica/ros2_ws/install/my_py_pkg:/opt/ros/humble /usr/bin/cmake --install /home/electronica/ros2_ws_v2/build/my_robot_description
[3.652s] Level 1:colcon.colcon_core.environment:checking '/home/electronica/ros2_ws_v2/install/my_robot_description' for CMake module files
[3.653s] Level 1:colcon.colcon_core.environment:checking '/home/electronica/ros2_ws_v2/install/my_robot_description' for CMake config files
[3.672s] Level 1:colcon.colcon_core.shell:create_environment_hook('my_robot_description', 'cmake_prefix_path')
[3.703s] INFO:colcon.colcon_core.shell:Creating environment hook '/home/electronica/ros2_ws_v2/install/my_robot_description/share/my_robot_description/hook/cmake_prefix_path.ps1'
[3.723s] INFO:colcon.colcon_core.shell:Creating environment descriptor '/home/electronica/ros2_ws_v2/install/my_robot_description/share/my_robot_description/hook/cmake_prefix_path.dsv'
[3.724s] INFO:colcon.colcon_core.shell:Creating environment hook '/home/electronica/ros2_ws_v2/install/my_robot_description/share/my_robot_description/hook/cmake_prefix_path.sh'
[3.726s] Level 1:colcon.colcon_core.environment:checking '/home/electronica/ros2_ws_v2/install/my_robot_description/bin'
[3.726s] Level 1:colcon.colcon_core.environment:checking '/home/electronica/ros2_ws_v2/install/my_robot_description/lib/pkgconfig/my_robot_description.pc'
[3.726s] Level 1:colcon.colcon_core.environment:checking '/home/electronica/ros2_ws_v2/install/my_robot_description/lib/python3.10/site-packages'
[3.726s] Level 1:colcon.colcon_core.environment:checking '/home/electronica/ros2_ws_v2/install/my_robot_description/bin'
[3.756s] INFO:colcon.colcon_core.shell:Creating package script '/home/electronica/ros2_ws_v2/install/my_robot_description/share/my_robot_description/package.ps1'
[3.758s] INFO:colcon.colcon_core.shell:Creating package descriptor '/home/electronica/ros2_ws_v2/install/my_robot_description/share/my_robot_description/package.dsv'
[3.759s] INFO:colcon.colcon_core.shell:Creating package script '/home/electronica/ros2_ws_v2/install/my_robot_description/share/my_robot_description/package.sh'
[3.760s] INFO:colcon.colcon_core.shell:Creating package script '/home/electronica/ros2_ws_v2/install/my_robot_description/share/my_robot_description/package.bash'
[3.768s] INFO:colcon.colcon_core.shell:Creating package script '/home/electronica/ros2_ws_v2/install/my_robot_description/share/my_robot_description/package.zsh'
[3.784s] Level 1:colcon.colcon_core.environment:create_file_with_runtime_dependencies(/home/electronica/ros2_ws_v2/install/my_robot_description/share/colcon-core/packages/my_robot_description)
[3.859s] Level 1:colcon.colcon_core.environment:create_environment_scripts_only(my_robot_description)
[3.895s] Level 1:colcon.colcon_core.environment:checking '/home/electronica/ros2_ws_v2/install/my_robot_description' for CMake module files
[3.896s] Level 1:colcon.colcon_core.environment:checking '/home/electronica/ros2_ws_v2/install/my_robot_description' for CMake config files
[3.897s] Level 1:colcon.colcon_core.shell:create_environment_hook('my_robot_description', 'cmake_prefix_path')
[3.928s] INFO:colcon.colcon_core.shell:Creating environment hook '/home/electronica/ros2_ws_v2/install/my_robot_description/share/my_robot_description/hook/cmake_prefix_path.ps1'
[3.929s] INFO:colcon.colcon_core.shell:Creating environment descriptor '/home/electronica/ros2_ws_v2/install/my_robot_description/share/my_robot_description/hook/cmake_prefix_path.dsv'
[3.929s] INFO:colcon.colcon_core.shell:Creating environment hook '/home/electronica/ros2_ws_v2/install/my_robot_description/share/my_robot_description/hook/cmake_prefix_path.sh'
[3.930s] Level 1:colcon.colcon_core.environment:checking '/home/electronica/ros2_ws_v2/install/my_robot_description/bin'
[3.930s] Level 1:colcon.colcon_core.environment:checking '/home/electronica/ros2_ws_v2/install/my_robot_description/lib/pkgconfig/my_robot_description.pc'
[3.931s] Level 1:colcon.colcon_core.environment:checking '/home/electronica/ros2_ws_v2/install/my_robot_description/lib/python3.10/site-packages'
[3.931s] Level 1:colcon.colcon_core.environment:checking '/home/electronica/ros2_ws_v2/install/my_robot_description/bin'
[3.961s] INFO:colcon.colcon_core.shell:Creating package script '/home/electronica/ros2_ws_v2/install/my_robot_description/share/my_robot_description/package.ps1'
[3.961s] INFO:colcon.colcon_core.shell:Creating package descriptor '/home/electronica/ros2_ws_v2/install/my_robot_description/share/my_robot_description/package.dsv'
[3.962s] INFO:colcon.colcon_core.shell:Creating package script '/home/electronica/ros2_ws_v2/install/my_robot_description/share/my_robot_description/package.sh'
[3.963s] INFO:colcon.colcon_core.shell:Creating package script '/home/electronica/ros2_ws_v2/install/my_robot_description/share/my_robot_description/package.bash'
[3.963s] INFO:colcon.colcon_core.shell:Creating package script '/home/electronica/ros2_ws_v2/install/my_robot_description/share/my_robot_description/package.zsh'
[3.964s] Level 1:colcon.colcon_core.environment:create_file_with_runtime_dependencies(/home/electronica/ros2_ws_v2/install/my_robot_description/share/colcon-core/packages/my_robot_description)
[3.964s] INFO:colcon.colcon_ros.task.ament_cmake.build:Building ROS package in '/home/electronica/ros2_ws_v2/src/my_robot_bringup' with build type 'ament_cmake'
[3.964s] INFO:colcon.colcon_cmake.task.cmake.build:Building CMake package in '/home/electronica/ros2_ws_v2/src/my_robot_bringup'
[3.998s] INFO:colcon.colcon_core.shell:Skip shell extension 'powershell' for command environment: Not usable outside of PowerShell
[3.998s] DEBUG:colcon.colcon_core.shell:Skip shell extension 'dsv' for command environment
[4.164s] DEBUG:colcon.colcon_core.event_handler.log_command:Invoking command in '/home/electronica/ros2_ws_v2/build/my_robot_bringup': CMAKE_PREFIX_PATH=/home/electronica/ros2_ws_v2/install/my_robot_description:/home/electronica/ros2_ws_v2/install/my_robot_bringup:/home/electronica/ros2_ws/install/my_robot_bringup:/home/electronica/ros2_ws/install/my_cpp_pkg:/home/electronica/ros2_ws/install/my_robots_interfaces:/home/electronica/ros2_ws/install/turtlesim_catch_them_all:/home/electronica/ros2_ws/install/my_py_pkg:/opt/ros/humble /usr/bin/cmake --build /home/electronica/ros2_ws_v2/build/my_robot_bringup -- -j8 -l8
[4.277s] DEBUG:colcon.colcon_core.event_handler.log_command:Invoked command in '/home/electronica/ros2_ws_v2/build/my_robot_bringup' returned '0': CMAKE_PREFIX_PATH=/home/electronica/ros2_ws_v2/install/my_robot_description:/home/electronica/ros2_ws_v2/install/my_robot_bringup:/home/electronica/ros2_ws/install/my_robot_bringup:/home/electronica/ros2_ws/install/my_cpp_pkg:/home/electronica/ros2_ws/install/my_robots_interfaces:/home/electronica/ros2_ws/install/turtlesim_catch_them_all:/home/electronica/ros2_ws/install/my_py_pkg:/opt/ros/humble /usr/bin/cmake --build /home/electronica/ros2_ws_v2/build/my_robot_bringup -- -j8 -l8
[4.318s] DEBUG:colcon.colcon_core.event_handler.log_command:Invoking command in '/home/electronica/ros2_ws_v2/build/my_robot_bringup': CMAKE_PREFIX_PATH=/home/electronica/ros2_ws_v2/install/my_robot_description:/home/electronica/ros2_ws_v2/install/my_robot_bringup:/home/electronica/ros2_ws/install/my_robot_bringup:/home/electronica/ros2_ws/install/my_cpp_pkg:/home/electronica/ros2_ws/install/my_robots_interfaces:/home/electronica/ros2_ws/install/turtlesim_catch_them_all:/home/electronica/ros2_ws/install/my_py_pkg:/opt/ros/humble /usr/bin/cmake --install /home/electronica/ros2_ws_v2/build/my_robot_bringup
[4.370s] Level 1:colcon.colcon_core.environment:create_environment_scripts_only(my_robot_bringup)
[4.371s] DEBUG:colcon.colcon_core.event_handler.log_command:Invoked command in '/home/electronica/ros2_ws_v2/build/my_robot_bringup' returned '0': CMAKE_PREFIX_PATH=/home/electronica/ros2_ws_v2/install/my_robot_description:/home/electronica/ros2_ws_v2/install/my_robot_bringup:/home/electronica/ros2_ws/install/my_robot_bringup:/home/electronica/ros2_ws/install/my_cpp_pkg:/home/electronica/ros2_ws/install/my_robots_interfaces:/home/electronica/ros2_ws/install/turtlesim_catch_them_all:/home/electronica/ros2_ws/install/my_py_pkg:/opt/ros/humble /usr/bin/cmake --install /home/electronica/ros2_ws_v2/build/my_robot_bringup
[4.411s] Level 1:colcon.colcon_core.environment:checking '/home/electronica/ros2_ws_v2/install/my_robot_bringup' for CMake module files
[4.412s] Level 1:colcon.colcon_core.environment:checking '/home/electronica/ros2_ws_v2/install/my_robot_bringup' for CMake config files
[4.413s] Level 1:colcon.colcon_core.shell:create_environment_hook('my_robot_bringup', 'cmake_prefix_path')
[4.442s] INFO:colcon.colcon_core.shell:Creating environment hook '/home/electronica/ros2_ws_v2/install/my_robot_bringup/share/my_robot_bringup/hook/cmake_prefix_path.ps1'
[4.443s] INFO:colcon.colcon_core.shell:Creating environment descriptor '/home/electronica/ros2_ws_v2/install/my_robot_bringup/share/my_robot_bringup/hook/cmake_prefix_path.dsv'
[4.443s] INFO:colcon.colcon_core.shell:Creating environment hook '/home/electronica/ros2_ws_v2/install/my_robot_bringup/share/my_robot_bringup/hook/cmake_prefix_path.sh'
[4.444s] Level 1:colcon.colcon_core.environment:checking '/home/electronica/ros2_ws_v2/install/my_robot_bringup/bin'
[4.444s] Level 1:colcon.colcon_core.environment:checking '/home/electronica/ros2_ws_v2/install/my_robot_bringup/lib/pkgconfig/my_robot_bringup.pc'
[4.445s] Level 1:colcon.colcon_core.environment:checking '/home/electronica/ros2_ws_v2/install/my_robot_bringup/lib/python3.10/site-packages'
[4.445s] Level 1:colcon.colcon_core.environment:checking '/home/electronica/ros2_ws_v2/install/my_robot_bringup/bin'
[4.475s] INFO:colcon.colcon_core.shell:Creating package script '/home/electronica/ros2_ws_v2/install/my_robot_bringup/share/my_robot_bringup/package.ps1'
[4.476s] INFO:colcon.colcon_core.shell:Creating package descriptor '/home/electronica/ros2_ws_v2/install/my_robot_bringup/share/my_robot_bringup/package.dsv'
[4.477s] INFO:colcon.colcon_core.shell:Creating package script '/home/electronica/ros2_ws_v2/install/my_robot_bringup/share/my_robot_bringup/package.sh'
[4.477s] INFO:colcon.colcon_core.shell:Creating package script '/home/electronica/ros2_ws_v2/install/my_robot_bringup/share/my_robot_bringup/package.bash'
[4.478s] INFO:colcon.colcon_core.shell:Creating package script '/home/electronica/ros2_ws_v2/install/my_robot_bringup/share/my_robot_bringup/package.zsh'
[4.478s] Level 1:colcon.colcon_core.environment:create_file_with_runtime_dependencies(/home/electronica/ros2_ws_v2/install/my_robot_bringup/share/colcon-core/packages/my_robot_bringup)
[4.547s] Level 1:colcon.colcon_core.environment:create_environment_scripts_only(my_robot_bringup)
[4.580s] Level 1:colcon.colcon_core.environment:checking '/home/electronica/ros2_ws_v2/install/my_robot_bringup' for CMake module files
[4.581s] Level 1:colcon.colcon_core.environment:checking '/home/electronica/ros2_ws_v2/install/my_robot_bringup' for CMake config files
[4.581s] Level 1:colcon.colcon_core.shell:create_environment_hook('my_robot_bringup', 'cmake_prefix_path')
[4.611s] INFO:colcon.colcon_core.shell:Creating environment hook '/home/electronica/ros2_ws_v2/install/my_robot_bringup/share/my_robot_bringup/hook/cmake_prefix_path.ps1'
[4.612s] INFO:colcon.colcon_core.shell:Creating environment descriptor '/home/electronica/ros2_ws_v2/install/my_robot_bringup/share/my_robot_bringup/hook/cmake_prefix_path.dsv'
[4.612s] INFO:colcon.colcon_core.shell:Creating environment hook '/home/electronica/ros2_ws_v2/install/my_robot_bringup/share/my_robot_bringup/hook/cmake_prefix_path.sh'
[4.613s] Level 1:colcon.colcon_core.environment:checking '/home/electronica/ros2_ws_v2/install/my_robot_bringup/bin'
[4.613s] Level 1:colcon.colcon_core.environment:checking '/home/electronica/ros2_ws_v2/install/my_robot_bringup/lib/pkgconfig/my_robot_bringup.pc'
[4.614s] Level 1:colcon.colcon_core.environment:checking '/home/electronica/ros2_ws_v2/install/my_robot_bringup/lib/python3.10/site-packages'
[4.614s] Level 1:colcon.colcon_core.environment:checking '/home/electronica/ros2_ws_v2/install/my_robot_bringup/bin'
[4.644s] INFO:colcon.colcon_core.shell:Creating package script '/home/electronica/ros2_ws_v2/install/my_robot_bringup/share/my_robot_bringup/package.ps1'
[4.645s] INFO:colcon.colcon_core.shell:Creating package descriptor '/home/electronica/ros2_ws_v2/install/my_robot_bringup/share/my_robot_bringup/package.dsv'
[4.645s] INFO:colcon.colcon_core.shell:Creating package script '/home/electronica/ros2_ws_v2/install/my_robot_bringup/share/my_robot_bringup/package.sh'
[4.646s] INFO:colcon.colcon_core.shell:Creating package script '/home/electronica/ros2_ws_v2/install/my_robot_bringup/share/my_robot_bringup/package.bash'
[4.646s] INFO:colcon.colcon_core.shell:Creating package script '/home/electronica/ros2_ws_v2/install/my_robot_bringup/share/my_robot_bringup/package.zsh'
[4.647s] Level 1:colcon.colcon_core.environment:create_file_with_runtime_dependencies(/home/electronica/ros2_ws_v2/install/my_robot_bringup/share/colcon-core/packages/my_robot_bringup)
[4.647s] DEBUG:colcon.colcon_parallel_executor.executor.parallel:closing loop
[4.648s] DEBUG:colcon.colcon_parallel_executor.executor.parallel:loop closed
[4.648s] DEBUG:colcon.colcon_parallel_executor.executor.parallel:run_until_complete finished with '0'
[4.648s] DEBUG:colcon.colcon_core.event_reactor:joining thread
[4.718s] INFO:colcon.colcon_core.plugin_system:Skipping extension 'colcon_notification.desktop_notification.terminal_notifier': Not used on non-Darwin systems
[4.718s] INFO:colcon.colcon_core.plugin_system:Skipping extension 'colcon_notification.desktop_notification.win32': Not used on non-Windows systems
[4.718s] INFO:colcon.colcon_notification.desktop_notification:Sending desktop notification using 'notify2'
[4.746s] DEBUG:colcon.colcon_core.event_reactor:joined thread
[4.777s] INFO:colcon.colcon_core.shell:Creating prefix script '/home/electronica/ros2_ws_v2/install/local_setup.ps1'
[4.779s] INFO:colcon.colcon_core.shell:Creating prefix util module '/home/electronica/ros2_ws_v2/install/_local_setup_util_ps1.py'
[4.781s] INFO:colcon.colcon_core.shell:Creating prefix chain script '/home/electronica/ros2_ws_v2/install/setup.ps1'
[4.815s] INFO:colcon.colcon_core.shell:Creating prefix script '/home/electronica/ros2_ws_v2/install/local_setup.sh'
[4.816s] INFO:colcon.colcon_core.shell:Creating prefix util module '/home/electronica/ros2_ws_v2/install/_local_setup_util_sh.py'
[4.816s] INFO:colcon.colcon_core.shell:Creating prefix chain script '/home/electronica/ros2_ws_v2/install/setup.sh'
[4.850s] INFO:colcon.colcon_core.shell:Creating prefix script '/home/electronica/ros2_ws_v2/install/local_setup.bash'
[4.851s] INFO:colcon.colcon_core.shell:Creating prefix chain script '/home/electronica/ros2_ws_v2/install/setup.bash'
[4.885s] INFO:colcon.colcon_core.shell:Creating prefix script '/home/electronica/ros2_ws_v2/install/local_setup.zsh'
[4.886s] INFO:colcon.colcon_core.shell:Creating prefix chain script '/home/electronica/ros2_ws_v2/install/setup.zsh'
