[1.993s] DEBUG:colcon:Command line arguments: ['/usr/bin/colcon', 'build', '--symlink-install']
[1.993s] DEBUG:colcon:Parsed command line arguments: Namespace(log_base=None, log_level=None, verb_name='build', build_base='build', install_base='install', merge_install=False, symlink_install=True, test_result_base=None, continue_on_error=False, executor='parallel', parallel_workers=8, event_handlers=None, ignore_user_meta=False, metas=['./colcon.meta'], base_paths=['.'], packages_ignore=None, packages_ignore_regex=None, paths=None, packages_up_to=None, packages_up_to_regex=None, packages_above=None, packages_above_and_dependencies=None, packages_above_depth=None, packages_select_by_dep=None, packages_skip_by_dep=None, packages_skip_up_to=None, packages_select_build_failed=False, packages_skip_build_finished=False, packages_select_test_failures=False, packages_skip_test_passed=False, packages_select=None, packages_skip=None, packages_select_regex=None, packages_skip_regex=None, packages_start=None, packages_end=None, allow_overriding=[], cmake_args=None, cmake_target=None, cmake_target_skip_unavailable=False, cmake_clean_cache=False, cmake_clean_first=False, cmake_force_configure=False, ament_cmake_args=None, catkin_cmake_args=None, catkin_skip_building_tests=False, verb_parser=<colcon_defaults.argument_parser.defaults.DefaultArgumentsDecorator object at 0x7f9e2b69f3a0>, verb_extension=<colcon_core.verb.build.BuildVerb object at 0x7f9e2b674130>, main=<bound method BuildVerb.main of <colcon_core.verb.build.BuildVerb object at 0x7f9e2b674130>>)
[2.096s] Level 1:colcon.colcon_core.package_discovery:discover_packages(colcon_meta) check parameters
[2.096s] Level 1:colcon.colcon_core.package_discovery:discover_packages(recursive) check parameters
[2.096s] Level 1:colcon.colcon_core.package_discovery:discover_packages(ignore) check parameters
[2.096s] Level 1:colcon.colcon_core.package_discovery:discover_packages(path) check parameters
[2.096s] Level 1:colcon.colcon_core.package_discovery:discover_packages(colcon_meta) discover
[2.096s] Level 1:colcon.colcon_core.package_discovery:discover_packages(recursive) discover
[2.096s] INFO:colcon.colcon_core.package_discovery:Crawling recursively for packages in '/home/electronica/ros2_ws_v2'
[2.096s] Level 1:colcon.colcon_core.package_identification:_identify(.) by extensions ['ignore', 'ignore_ament_install']
[2.097s] Level 1:colcon.colcon_core.package_identification:_identify(.) by extension 'ignore'
[2.097s] Level 1:colcon.colcon_core.package_identification:_identify(.) by extension 'ignore_ament_install'
[2.097s] Level 1:colcon.colcon_core.package_identification:_identify(.) by extensions ['colcon_pkg']
[2.097s] Level 1:colcon.colcon_core.package_identification:_identify(.) by extension 'colcon_pkg'
[2.097s] Level 1:colcon.colcon_core.package_identification:_identify(.) by extensions ['colcon_meta']
[2.097s] Level 1:colcon.colcon_core.package_identification:_identify(.) by extension 'colcon_meta'
[2.097s] Level 1:colcon.colcon_core.package_identification:_identify(.) by extensions ['ros']
[2.097s] Level 1:colcon.colcon_core.package_identification:_identify(.) by extension 'ros'
[2.113s] Level 1:colcon.colcon_core.package_identification:_identify(.) by extensions ['cmake', 'python']
[2.113s] Level 1:colcon.colcon_core.package_identification:_identify(.) by extension 'cmake'
[2.113s] Level 1:colcon.colcon_core.package_identification:_identify(.) by extension 'python'
[2.113s] Level 1:colcon.colcon_core.package_identification:_identify(.) by extensions ['python_setup_py']
[2.113s] Level 1:colcon.colcon_core.package_identification:_identify(.) by extension 'python_setup_py'
[2.114s] Level 1:colcon.colcon_core.package_identification:_identify(build) by extensions ['ignore', 'ignore_ament_install']
[2.114s] Level 1:colcon.colcon_core.package_identification:_identify(build) by extension 'ignore'
[2.114s] Level 1:colcon.colcon_core.package_identification:_identify(build) ignored
[2.114s] Level 1:colcon.colcon_core.package_identification:_identify(install) by extensions ['ignore', 'ignore_ament_install']
[2.114s] Level 1:colcon.colcon_core.package_identification:_identify(install) by extension 'ignore'
[2.114s] Level 1:colcon.colcon_core.package_identification:_identify(install) ignored
[2.114s] Level 1:colcon.colcon_core.package_identification:_identify(log) by extensions ['ignore', 'ignore_ament_install']
[2.114s] Level 1:colcon.colcon_core.package_identification:_identify(log) by extension 'ignore'
[2.115s] Level 1:colcon.colcon_core.package_identification:_identify(log) ignored
[2.115s] Level 1:colcon.colcon_core.package_identification:_identify(src) by extensions ['ignore', 'ignore_ament_install']
[2.115s] Level 1:colcon.colcon_core.package_identification:_identify(src) by extension 'ignore'
[2.115s] Level 1:colcon.colcon_core.package_identification:_identify(src) by extension 'ignore_ament_install'
[2.115s] Level 1:colcon.colcon_core.package_identification:_identify(src) by extensions ['colcon_pkg']
[2.115s] Level 1:colcon.colcon_core.package_identification:_identify(src) by extension 'colcon_pkg'
[2.115s] Level 1:colcon.colcon_core.package_identification:_identify(src) by extensions ['colcon_meta']
[2.115s] Level 1:colcon.colcon_core.package_identification:_identify(src) by extension 'colcon_meta'
[2.115s] Level 1:colcon.colcon_core.package_identification:_identify(src) by extensions ['ros']
[2.115s] Level 1:colcon.colcon_core.package_identification:_identify(src) by extension 'ros'
[2.115s] Level 1:colcon.colcon_core.package_identification:_identify(src) by extensions ['cmake', 'python']
[2.116s] Level 1:colcon.colcon_core.package_identification:_identify(src) by extension 'cmake'
[2.116s] Level 1:colcon.colcon_core.package_identification:_identify(src) by extension 'python'
[2.116s] Level 1:colcon.colcon_core.package_identification:_identify(src) by extensions ['python_setup_py']
[2.116s] Level 1:colcon.colcon_core.package_identification:_identify(src) by extension 'python_setup_py'
[2.116s] Level 1:colcon.colcon_core.package_identification:_identify(src/my_robot_bringup) by extensions ['ignore', 'ignore_ament_install']
[2.116s] Level 1:colcon.colcon_core.package_identification:_identify(src/my_robot_bringup) by extension 'ignore'
[2.116s] Level 1:colcon.colcon_core.package_identification:_identify(src/my_robot_bringup) by extension 'ignore_ament_install'
[2.116s] Level 1:colcon.colcon_core.package_identification:_identify(src/my_robot_bringup) by extensions ['colcon_pkg']
[2.116s] Level 1:colcon.colcon_core.package_identification:_identify(src/my_robot_bringup) by extension 'colcon_pkg'
[2.116s] Level 1:colcon.colcon_core.package_identification:_identify(src/my_robot_bringup) by extensions ['colcon_meta']
[2.117s] Level 1:colcon.colcon_core.package_identification:_identify(src/my_robot_bringup) by extension 'colcon_meta'
[2.117s] Level 1:colcon.colcon_core.package_identification:_identify(src/my_robot_bringup) by extensions ['ros']
[2.117s] Level 1:colcon.colcon_core.package_identification:_identify(src/my_robot_bringup) by extension 'ros'
[2.120s] DEBUG:colcon.colcon_core.package_identification:Package 'src/my_robot_bringup' with type 'ros.ament_cmake' and name 'my_robot_bringup'
[2.120s] Level 1:colcon.colcon_core.package_identification:_identify(src/my_robot_description) by extensions ['ignore', 'ignore_ament_install']
[2.120s] Level 1:colcon.colcon_core.package_identification:_identify(src/my_robot_description) by extension 'ignore'
[2.120s] Level 1:colcon.colcon_core.package_identification:_identify(src/my_robot_description) by extension 'ignore_ament_install'
[2.120s] Level 1:colcon.colcon_core.package_identification:_identify(src/my_robot_description) by extensions ['colcon_pkg']
[2.120s] Level 1:colcon.colcon_core.package_identification:_identify(src/my_robot_description) by extension 'colcon_pkg'
[2.120s] Level 1:colcon.colcon_core.package_identification:_identify(src/my_robot_description) by extensions ['colcon_meta']
[2.120s] Level 1:colcon.colcon_core.package_identification:_identify(src/my_robot_description) by extension 'colcon_meta'
[2.120s] Level 1:colcon.colcon_core.package_identification:_identify(src/my_robot_description) by extensions ['ros']
[2.121s] Level 1:colcon.colcon_core.package_identification:_identify(src/my_robot_description) by extension 'ros'
[2.121s] DEBUG:colcon.colcon_core.package_identification:Package 'src/my_robot_description' with type 'ros.ament_cmake' and name 'my_robot_description'
[2.121s] Level 1:colcon.colcon_core.package_discovery:discover_packages(recursive) using defaults
[2.121s] Level 1:colcon.colcon_core.package_discovery:discover_packages(ignore) discover
[2.121s] Level 1:colcon.colcon_core.package_discovery:discover_packages(ignore) using defaults
[2.121s] Level 1:colcon.colcon_core.package_discovery:discover_packages(path) discover
[2.121s] Level 1:colcon.colcon_core.package_discovery:discover_packages(path) using defaults
[2.302s] Level 1:colcon.colcon_core.package_discovery:discover_packages(prefix_path) check parameters
[2.302s] Level 1:colcon.colcon_core.package_discovery:discover_packages(prefix_path) discover
[2.379s] DEBUG:colcon.colcon_installed_package_information.package_discovery:Found 2 installed packages in /home/electronica/ros2_ws_v2/install
[2.423s] DEBUG:colcon.colcon_installed_package_information.package_discovery:Found 5 installed packages in /home/electronica/ros2_ws/install
[2.454s] DEBUG:colcon.colcon_installed_package_information.package_discovery:Found 327 installed packages in /opt/ros/humble
[2.457s] Level 1:colcon.colcon_core.package_discovery:discover_packages(prefix_path) using defaults
[2.874s] Level 5:colcon.colcon_core.verb:set package 'my_robot_description' build argument 'cmake_args' from command line to 'None'
[2.874s] Level 5:colcon.colcon_core.verb:set package 'my_robot_description' build argument 'cmake_target' from command line to 'None'
[2.874s] Level 5:colcon.colcon_core.verb:set package 'my_robot_description' build argument 'cmake_target_skip_unavailable' from command line to 'False'
[2.874s] Level 5:colcon.colcon_core.verb:set package 'my_robot_description' build argument 'cmake_clean_cache' from command line to 'False'
[2.874s] Level 5:colcon.colcon_core.verb:set package 'my_robot_description' build argument 'cmake_clean_first' from command line to 'False'
[2.874s] Level 5:colcon.colcon_core.verb:set package 'my_robot_description' build argument 'cmake_force_configure' from command line to 'False'
[2.874s] Level 5:colcon.colcon_core.verb:set package 'my_robot_description' build argument 'ament_cmake_args' from command line to 'None'
[2.874s] Level 5:colcon.colcon_core.verb:set package 'my_robot_description' build argument 'catkin_cmake_args' from command line to 'None'
[2.874s] Level 5:colcon.colcon_core.verb:set package 'my_robot_description' build argument 'catkin_skip_building_tests' from command line to 'False'
[2.874s] DEBUG:colcon.colcon_core.verb:Building package 'my_robot_description' with the following arguments: {'ament_cmake_args': None, 'build_base': '/home/electronica/ros2_ws_v2/build/my_robot_description', 'catkin_cmake_args': None, 'catkin_skip_building_tests': False, 'cmake_args': None, 'cmake_clean_cache': False, 'cmake_clean_first': False, 'cmake_force_configure': False, 'cmake_target': None, 'cmake_target_skip_unavailable': False, 'install_base': '/home/electronica/ros2_ws_v2/install/my_robot_description', 'merge_install': False, 'path': '/home/electronica/ros2_ws_v2/src/my_robot_description', 'symlink_install': True, 'test_result_base': None}
[2.904s] Level 5:colcon.colcon_core.verb:set package 'my_robot_bringup' build argument 'cmake_args' from command line to 'None'
[2.904s] Level 5:colcon.colcon_core.verb:set package 'my_robot_bringup' build argument 'cmake_target' from command line to 'None'
[2.904s] Level 5:colcon.colcon_core.verb:set package 'my_robot_bringup' build argument 'cmake_target_skip_unavailable' from command line to 'False'
[2.905s] Level 5:colcon.colcon_core.verb:set package 'my_robot_bringup' build argument 'cmake_clean_cache' from command line to 'False'
[2.905s] Level 5:colcon.colcon_core.verb:set package 'my_robot_bringup' build argument 'cmake_clean_first' from command line to 'False'
[2.905s] Level 5:colcon.colcon_core.verb:set package 'my_robot_bringup' build argument 'cmake_force_configure' from command line to 'False'
[2.905s] Level 5:colcon.colcon_core.verb:set package 'my_robot_bringup' build argument 'ament_cmake_args' from command line to 'None'
[2.905s] Level 5:colcon.colcon_core.verb:set package 'my_robot_bringup' build argument 'catkin_cmake_args' from command line to 'None'
[2.905s] Level 5:colcon.colcon_core.verb:set package 'my_robot_bringup' build argument 'catkin_skip_building_tests' from command line to 'False'
[2.905s] DEBUG:colcon.colcon_core.verb:Building package 'my_robot_bringup' with the following arguments: {'ament_cmake_args': None, 'build_base': '/home/electronica/ros2_ws_v2/build/my_robot_bringup', 'catkin_cmake_args': None, 'catkin_skip_building_tests': False, 'cmake_args': None, 'cmake_clean_cache': False, 'cmake_clean_first': False, 'cmake_force_configure': False, 'cmake_target': None, 'cmake_target_skip_unavailable': False, 'install_base': '/home/electronica/ros2_ws_v2/install/my_robot_bringup', 'merge_install': False, 'path': '/home/electronica/ros2_ws_v2/src/my_robot_bringup', 'symlink_install': True, 'test_result_base': None}
[2.935s] INFO:colcon.colcon_core.executor:Executing jobs using 'parallel' executor
[2.965s] DEBUG:colcon.colcon_parallel_executor.executor.parallel:run_until_complete
[2.965s] INFO:colcon.colcon_ros.task.ament_cmake.build:Building ROS package in '/home/electronica/ros2_ws_v2/src/my_robot_description' with build type 'ament_cmake'
[2.966s] INFO:colcon.colcon_cmake.task.cmake.build:Building CMake package in '/home/electronica/ros2_ws_v2/src/my_robot_description'
[3.013s] INFO:colcon.colcon_core.plugin_system:Skipping extension 'colcon_core.shell.bat': Not used on non-Windows systems
[3.013s] INFO:colcon.colcon_core.shell:Skip shell extension 'powershell' for command environment: Not usable outside of PowerShell
[3.013s] DEBUG:colcon.colcon_core.shell:Skip shell extension 'dsv' for command environment
[3.177s] DEBUG:colcon.colcon_core.event_handler.log_command:Invoking command in '/home/electronica/ros2_ws_v2/build/my_robot_description': CMAKE_PREFIX_PATH=${CMAKE_PREFIX_PATH}:/home/electronica/ros2_ws/install/turtlesim_catch_them_all:/home/electronica/ros2_ws/install/my_py_pkg:/opt/ros/humble /usr/bin/cmake --build /home/electronica/ros2_ws_v2/build/my_robot_description -- -j8 -l8
[3.417s] DEBUG:colcon.colcon_core.event_handler.log_command:Invoked command in '/home/electronica/ros2_ws_v2/build/my_robot_description' returned '0': CMAKE_PREFIX_PATH=${CMAKE_PREFIX_PATH}:/home/electronica/ros2_ws/install/turtlesim_catch_them_all:/home/electronica/ros2_ws/install/my_py_pkg:/opt/ros/humble /usr/bin/cmake --build /home/electronica/ros2_ws_v2/build/my_robot_description -- -j8 -l8
[3.467s] DEBUG:colcon.colcon_core.event_handler.log_command:Invoking command in '/home/electronica/ros2_ws_v2/build/my_robot_description': CMAKE_PREFIX_PATH=${CMAKE_PREFIX_PATH}:/home/electronica/ros2_ws/install/turtlesim_catch_them_all:/home/electronica/ros2_ws/install/my_py_pkg:/opt/ros/humble /usr/bin/cmake --install /home/electronica/ros2_ws_v2/build/my_robot_description
[3.550s] Level 1:colcon.colcon_core.environment:create_environment_scripts_only(my_robot_description)
[3.552s] DEBUG:colcon.colcon_core.event_handler.log_command:Invoked command in '/home/electronica/ros2_ws_v2/build/my_robot_description' returned '0': CMAKE_PREFIX_PATH=${CMAKE_PREFIX_PATH}:/home/electronica/ros2_ws/install/turtlesim_catch_them_all:/home/electronica/ros2_ws/install/my_py_pkg:/opt/ros/humble /usr/bin/cmake --install /home/electronica/ros2_ws_v2/build/my_robot_description
[3.636s] Level 1:colcon.colcon_core.environment:checking '/home/electronica/ros2_ws_v2/install/my_robot_description' for CMake module files
[3.637s] Level 1:colcon.colcon_core.environment:checking '/home/electronica/ros2_ws_v2/install/my_robot_description' for CMake config files
[3.640s] Level 1:colcon.colcon_core.shell:create_environment_hook('my_robot_description', 'cmake_prefix_path')
[3.689s] INFO:colcon.colcon_core.shell:Creating environment hook '/home/electronica/ros2_ws_v2/install/my_robot_description/share/my_robot_description/hook/cmake_prefix_path.ps1'
[3.698s] INFO:colcon.colcon_core.shell:Creating environment descriptor '/home/electronica/ros2_ws_v2/install/my_robot_description/share/my_robot_description/hook/cmake_prefix_path.dsv'
[3.700s] INFO:colcon.colcon_core.shell:Creating environment hook '/home/electronica/ros2_ws_v2/install/my_robot_description/share/my_robot_description/hook/cmake_prefix_path.sh'
[3.702s] Level 1:colcon.colcon_core.environment:checking '/home/electronica/ros2_ws_v2/install/my_robot_description/bin'
[3.702s] Level 1:colcon.colcon_core.environment:checking '/home/electronica/ros2_ws_v2/install/my_robot_description/lib/pkgconfig/my_robot_description.pc'
[3.702s] Level 1:colcon.colcon_core.environment:checking '/home/electronica/ros2_ws_v2/install/my_robot_description/lib/python3.10/site-packages'
[3.703s] Level 1:colcon.colcon_core.environment:checking '/home/electronica/ros2_ws_v2/install/my_robot_description/bin'
[3.745s] INFO:colcon.colcon_core.shell:Creating package script '/home/electronica/ros2_ws_v2/install/my_robot_description/share/my_robot_description/package.ps1'
[3.747s] INFO:colcon.colcon_core.shell:Creating package descriptor '/home/electronica/ros2_ws_v2/install/my_robot_description/share/my_robot_description/package.dsv'
[3.748s] INFO:colcon.colcon_core.shell:Creating package script '/home/electronica/ros2_ws_v2/install/my_robot_description/share/my_robot_description/package.sh'
[3.749s] INFO:colcon.colcon_core.shell:Creating package script '/home/electronica/ros2_ws_v2/install/my_robot_description/share/my_robot_description/package.bash'
[3.768s] INFO:colcon.colcon_core.shell:Creating package script '/home/electronica/ros2_ws_v2/install/my_robot_description/share/my_robot_description/package.zsh'
[3.784s] Level 1:colcon.colcon_core.environment:create_file_with_runtime_dependencies(/home/electronica/ros2_ws_v2/install/my_robot_description/share/colcon-core/packages/my_robot_description)
[3.856s] Level 1:colcon.colcon_core.environment:create_environment_scripts_only(my_robot_description)
[3.887s] Level 1:colcon.colcon_core.environment:checking '/home/electronica/ros2_ws_v2/install/my_robot_description' for CMake module files
[3.888s] Level 1:colcon.colcon_core.environment:checking '/home/electronica/ros2_ws_v2/install/my_robot_description' for CMake config files
[3.889s] Level 1:colcon.colcon_core.shell:create_environment_hook('my_robot_description', 'cmake_prefix_path')
[3.920s] INFO:colcon.colcon_core.shell:Creating environment hook '/home/electronica/ros2_ws_v2/install/my_robot_description/share/my_robot_description/hook/cmake_prefix_path.ps1'
[3.920s] INFO:colcon.colcon_core.shell:Creating environment descriptor '/home/electronica/ros2_ws_v2/install/my_robot_description/share/my_robot_description/hook/cmake_prefix_path.dsv'
[3.921s] INFO:colcon.colcon_core.shell:Creating environment hook '/home/electronica/ros2_ws_v2/install/my_robot_description/share/my_robot_description/hook/cmake_prefix_path.sh'
[3.921s] Level 1:colcon.colcon_core.environment:checking '/home/electronica/ros2_ws_v2/install/my_robot_description/bin'
[3.921s] Level 1:colcon.colcon_core.environment:checking '/home/electronica/ros2_ws_v2/install/my_robot_description/lib/pkgconfig/my_robot_description.pc'
[3.922s] Level 1:colcon.colcon_core.environment:checking '/home/electronica/ros2_ws_v2/install/my_robot_description/lib/python3.10/site-packages'
[3.922s] Level 1:colcon.colcon_core.environment:checking '/home/electronica/ros2_ws_v2/install/my_robot_description/bin'
[3.952s] INFO:colcon.colcon_core.shell:Creating package script '/home/electronica/ros2_ws_v2/install/my_robot_description/share/my_robot_description/package.ps1'
[3.953s] INFO:colcon.colcon_core.shell:Creating package descriptor '/home/electronica/ros2_ws_v2/install/my_robot_description/share/my_robot_description/package.dsv'
[3.953s] INFO:colcon.colcon_core.shell:Creating package script '/home/electronica/ros2_ws_v2/install/my_robot_description/share/my_robot_description/package.sh'
[3.954s] INFO:colcon.colcon_core.shell:Creating package script '/home/electronica/ros2_ws_v2/install/my_robot_description/share/my_robot_description/package.bash'
[3.954s] INFO:colcon.colcon_core.shell:Creating package script '/home/electronica/ros2_ws_v2/install/my_robot_description/share/my_robot_description/package.zsh'
[3.955s] Level 1:colcon.colcon_core.environment:create_file_with_runtime_dependencies(/home/electronica/ros2_ws_v2/install/my_robot_description/share/colcon-core/packages/my_robot_description)
[3.955s] INFO:colcon.colcon_ros.task.ament_cmake.build:Building ROS package in '/home/electronica/ros2_ws_v2/src/my_robot_bringup' with build type 'ament_cmake'
[3.955s] INFO:colcon.colcon_cmake.task.cmake.build:Building CMake package in '/home/electronica/ros2_ws_v2/src/my_robot_bringup'
[3.988s] INFO:colcon.colcon_core.shell:Skip shell extension 'powershell' for command environment: Not usable outside of PowerShell
[3.988s] DEBUG:colcon.colcon_core.shell:Skip shell extension 'dsv' for command environment
[4.154s] DEBUG:colcon.colcon_core.event_handler.log_command:Invoking command in '/home/electronica/ros2_ws_v2/build/my_robot_bringup': CMAKE_PREFIX_PATH=/home/electronica/ros2_ws_v2/install/my_robot_description:/home/electronica/ros2_ws_v2/install/my_robot_bringup:/home/electronica/ros2_ws/install/my_robot_bringup:/home/electronica/ros2_ws/install/my_cpp_pkg:/home/electronica/ros2_ws/install/my_robots_interfaces:/home/electronica/ros2_ws/install/turtlesim_catch_them_all:/home/electronica/ros2_ws/install/my_py_pkg:/opt/ros/humble /usr/bin/cmake --build /home/electronica/ros2_ws_v2/build/my_robot_bringup -- -j8 -l8
[4.993s] DEBUG:colcon.colcon_core.event_handler.log_command:Invoked command in '/home/electronica/ros2_ws_v2/build/my_robot_bringup' returned '0': CMAKE_PREFIX_PATH=/home/electronica/ros2_ws_v2/install/my_robot_description:/home/electronica/ros2_ws_v2/install/my_robot_bringup:/home/electronica/ros2_ws/install/my_robot_bringup:/home/electronica/ros2_ws/install/my_cpp_pkg:/home/electronica/ros2_ws/install/my_robots_interfaces:/home/electronica/ros2_ws/install/turtlesim_catch_them_all:/home/electronica/ros2_ws/install/my_py_pkg:/opt/ros/humble /usr/bin/cmake --build /home/electronica/ros2_ws_v2/build/my_robot_bringup -- -j8 -l8
[5.028s] DEBUG:colcon.colcon_core.event_handler.log_command:Invoking command in '/home/electronica/ros2_ws_v2/build/my_robot_bringup': CMAKE_PREFIX_PATH=/home/electronica/ros2_ws_v2/install/my_robot_description:/home/electronica/ros2_ws_v2/install/my_robot_bringup:/home/electronica/ros2_ws/install/my_robot_bringup:/home/electronica/ros2_ws/install/my_cpp_pkg:/home/electronica/ros2_ws/install/my_robots_interfaces:/home/electronica/ros2_ws/install/turtlesim_catch_them_all:/home/electronica/ros2_ws/install/my_py_pkg:/opt/ros/humble /usr/bin/cmake --install /home/electronica/ros2_ws_v2/build/my_robot_bringup
[5.067s] Level 1:colcon.colcon_core.environment:create_environment_scripts_only(my_robot_bringup)
[5.068s] DEBUG:colcon.colcon_core.event_handler.log_command:Invoked command in '/home/electronica/ros2_ws_v2/build/my_robot_bringup' returned '0': CMAKE_PREFIX_PATH=/home/electronica/ros2_ws_v2/install/my_robot_description:/home/electronica/ros2_ws_v2/install/my_robot_bringup:/home/electronica/ros2_ws/install/my_robot_bringup:/home/electronica/ros2_ws/install/my_cpp_pkg:/home/electronica/ros2_ws/install/my_robots_interfaces:/home/electronica/ros2_ws/install/turtlesim_catch_them_all:/home/electronica/ros2_ws/install/my_py_pkg:/opt/ros/humble /usr/bin/cmake --install /home/electronica/ros2_ws_v2/build/my_robot_bringup
[5.114s] Level 1:colcon.colcon_core.environment:checking '/home/electronica/ros2_ws_v2/install/my_robot_bringup' for CMake module files
[5.115s] Level 1:colcon.colcon_core.environment:checking '/home/electronica/ros2_ws_v2/install/my_robot_bringup' for CMake config files
[5.116s] Level 1:colcon.colcon_core.shell:create_environment_hook('my_robot_bringup', 'cmake_prefix_path')
[5.155s] INFO:colcon.colcon_core.shell:Creating environment hook '/home/electronica/ros2_ws_v2/install/my_robot_bringup/share/my_robot_bringup/hook/cmake_prefix_path.ps1'
[5.155s] INFO:colcon.colcon_core.shell:Creating environment descriptor '/home/electronica/ros2_ws_v2/install/my_robot_bringup/share/my_robot_bringup/hook/cmake_prefix_path.dsv'
[5.156s] INFO:colcon.colcon_core.shell:Creating environment hook '/home/electronica/ros2_ws_v2/install/my_robot_bringup/share/my_robot_bringup/hook/cmake_prefix_path.sh'
[5.157s] Level 1:colcon.colcon_core.environment:checking '/home/electronica/ros2_ws_v2/install/my_robot_bringup/bin'
[5.157s] Level 1:colcon.colcon_core.environment:checking '/home/electronica/ros2_ws_v2/install/my_robot_bringup/lib/pkgconfig/my_robot_bringup.pc'
[5.157s] Level 1:colcon.colcon_core.environment:checking '/home/electronica/ros2_ws_v2/install/my_robot_bringup/lib/python3.10/site-packages'
[5.157s] Level 1:colcon.colcon_core.environment:checking '/home/electronica/ros2_ws_v2/install/my_robot_bringup/bin'
[5.190s] INFO:colcon.colcon_core.shell:Creating package script '/home/electronica/ros2_ws_v2/install/my_robot_bringup/share/my_robot_bringup/package.ps1'
[5.190s] INFO:colcon.colcon_core.shell:Creating package descriptor '/home/electronica/ros2_ws_v2/install/my_robot_bringup/share/my_robot_bringup/package.dsv'
[5.191s] INFO:colcon.colcon_core.shell:Creating package script '/home/electronica/ros2_ws_v2/install/my_robot_bringup/share/my_robot_bringup/package.sh'
[5.191s] INFO:colcon.colcon_core.shell:Creating package script '/home/electronica/ros2_ws_v2/install/my_robot_bringup/share/my_robot_bringup/package.bash'
[5.192s] INFO:colcon.colcon_core.shell:Creating package script '/home/electronica/ros2_ws_v2/install/my_robot_bringup/share/my_robot_bringup/package.zsh'
[5.192s] Level 1:colcon.colcon_core.environment:create_file_with_runtime_dependencies(/home/electronica/ros2_ws_v2/install/my_robot_bringup/share/colcon-core/packages/my_robot_bringup)
[5.270s] Level 1:colcon.colcon_core.environment:create_environment_scripts_only(my_robot_bringup)
[5.305s] Level 1:colcon.colcon_core.environment:checking '/home/electronica/ros2_ws_v2/install/my_robot_bringup' for CMake module files
[5.306s] Level 1:colcon.colcon_core.environment:checking '/home/electronica/ros2_ws_v2/install/my_robot_bringup' for CMake config files
[5.306s] Level 1:colcon.colcon_core.shell:create_environment_hook('my_robot_bringup', 'cmake_prefix_path')
[5.339s] INFO:colcon.colcon_core.shell:Creating environment hook '/home/electronica/ros2_ws_v2/install/my_robot_bringup/share/my_robot_bringup/hook/cmake_prefix_path.ps1'
[5.339s] INFO:colcon.colcon_core.shell:Creating environment descriptor '/home/electronica/ros2_ws_v2/install/my_robot_bringup/share/my_robot_bringup/hook/cmake_prefix_path.dsv'
[5.340s] INFO:colcon.colcon_core.shell:Creating environment hook '/home/electronica/ros2_ws_v2/install/my_robot_bringup/share/my_robot_bringup/hook/cmake_prefix_path.sh'
[5.340s] Level 1:colcon.colcon_core.environment:checking '/home/electronica/ros2_ws_v2/install/my_robot_bringup/bin'
[5.340s] Level 1:colcon.colcon_core.environment:checking '/home/electronica/ros2_ws_v2/install/my_robot_bringup/lib/pkgconfig/my_robot_bringup.pc'
[5.341s] Level 1:colcon.colcon_core.environment:checking '/home/electronica/ros2_ws_v2/install/my_robot_bringup/lib/python3.10/site-packages'
[5.341s] Level 1:colcon.colcon_core.environment:checking '/home/electronica/ros2_ws_v2/install/my_robot_bringup/bin'
[5.371s] INFO:colcon.colcon_core.shell:Creating package script '/home/electronica/ros2_ws_v2/install/my_robot_bringup/share/my_robot_bringup/package.ps1'
[5.371s] INFO:colcon.colcon_core.shell:Creating package descriptor '/home/electronica/ros2_ws_v2/install/my_robot_bringup/share/my_robot_bringup/package.dsv'
[5.372s] INFO:colcon.colcon_core.shell:Creating package script '/home/electronica/ros2_ws_v2/install/my_robot_bringup/share/my_robot_bringup/package.sh'
[5.372s] INFO:colcon.colcon_core.shell:Creating package script '/home/electronica/ros2_ws_v2/install/my_robot_bringup/share/my_robot_bringup/package.bash'
[5.373s] INFO:colcon.colcon_core.shell:Creating package script '/home/electronica/ros2_ws_v2/install/my_robot_bringup/share/my_robot_bringup/package.zsh'
[5.373s] Level 1:colcon.colcon_core.environment:create_file_with_runtime_dependencies(/home/electronica/ros2_ws_v2/install/my_robot_bringup/share/colcon-core/packages/my_robot_bringup)
[5.374s] DEBUG:colcon.colcon_parallel_executor.executor.parallel:closing loop
[5.374s] DEBUG:colcon.colcon_parallel_executor.executor.parallel:loop closed
[5.374s] DEBUG:colcon.colcon_parallel_executor.executor.parallel:run_until_complete finished with '0'
[5.375s] DEBUG:colcon.colcon_core.event_reactor:joining thread
[5.442s] INFO:colcon.colcon_core.plugin_system:Skipping extension 'colcon_notification.desktop_notification.terminal_notifier': Not used on non-Darwin systems
[5.442s] INFO:colcon.colcon_core.plugin_system:Skipping extension 'colcon_notification.desktop_notification.win32': Not used on non-Windows systems
[5.443s] INFO:colcon.colcon_notification.desktop_notification:Sending desktop notification using 'notify2'
[5.485s] DEBUG:colcon.colcon_core.event_reactor:joined thread
[5.516s] INFO:colcon.colcon_core.shell:Creating prefix script '/home/electronica/ros2_ws_v2/install/local_setup.ps1'
[5.530s] INFO:colcon.colcon_core.shell:Creating prefix util module '/home/electronica/ros2_ws_v2/install/_local_setup_util_ps1.py'
[5.539s] INFO:colcon.colcon_core.shell:Creating prefix chain script '/home/electronica/ros2_ws_v2/install/setup.ps1'
[5.571s] INFO:colcon.colcon_core.shell:Creating prefix script '/home/electronica/ros2_ws_v2/install/local_setup.sh'
[5.579s] INFO:colcon.colcon_core.shell:Creating prefix util module '/home/electronica/ros2_ws_v2/install/_local_setup_util_sh.py'
[5.580s] INFO:colcon.colcon_core.shell:Creating prefix chain script '/home/electronica/ros2_ws_v2/install/setup.sh'
[5.612s] INFO:colcon.colcon_core.shell:Creating prefix script '/home/electronica/ros2_ws_v2/install/local_setup.bash'
[5.633s] INFO:colcon.colcon_core.shell:Creating prefix chain script '/home/electronica/ros2_ws_v2/install/setup.bash'
[5.664s] INFO:colcon.colcon_core.shell:Creating prefix script '/home/electronica/ros2_ws_v2/install/local_setup.zsh'
[5.674s] INFO:colcon.colcon_core.shell:Creating prefix chain script '/home/electronica/ros2_ws_v2/install/setup.zsh'
