[1.832s] DEBUG:colcon:Command line arguments: ['/usr/bin/colcon', 'list', '-p', '--base-paths', '/home/electronica/ros2_ws_v2']
[1.832s] DEBUG:colcon:Parsed command line arguments: Namespace(log_base=None, log_level=None, verb_name='list', build_base='build', ignore_user_meta=False, metas=['./colcon.meta'], base_paths=['/home/electronica/ros2_ws_v2'], packages_ignore=None, packages_ignore_regex=None, paths=None, packages_up_to=None, packages_up_to_regex=None, packages_above=None, packages_above_and_dependencies=None, packages_above_depth=None, packages_select_by_dep=None, packages_skip_by_dep=None, packages_skip_up_to=None, packages_select_build_failed=False, packages_skip_build_finished=False, packages_select_test_failures=False, packages_skip_test_passed=False, packages_select=None, packages_skip=None, packages_select_regex=None, packages_skip_regex=None, packages_start=None, packages_end=None, allow_overriding=[], topological_order=False, names_only=False, paths_only=True, topological_graph=False, topological_graph_dot=False, topological_graph_density=False, topological_graph_legend=False, topological_graph_dot_cluster=False, topological_graph_dot_include_skipped=False, verb_parser=<colcon_defaults.argument_parser.defaults.DefaultArgumentsDecorator object at 0x7f8b4661feb0>, verb_extension=<colcon_package_information.verb.list.ListVerb object at 0x7f8b46794310>, main=<bound method ListVerb.main of <colcon_package_information.verb.list.ListVerb object at 0x7f8b46794310>>)
[1.923s] Level 1:colcon.colcon_core.package_discovery:discover_packages(colcon_meta) check parameters
[1.923s] Level 1:colcon.colcon_core.package_discovery:discover_packages(recursive) check parameters
[1.924s] Level 1:colcon.colcon_core.package_discovery:discover_packages(ignore) check parameters
[1.924s] Level 1:colcon.colcon_core.package_discovery:discover_packages(path) check parameters
[1.924s] Level 1:colcon.colcon_core.package_discovery:discover_packages(recursive) discover
[1.924s] INFO:colcon.colcon_core.package_discovery:Crawling recursively for packages in '/home/electronica/ros2_ws_v2'
[1.924s] Level 1:colcon.colcon_core.package_identification:_identify(/home/electronica/ros2_ws_v2) by extensions ['ignore', 'ignore_ament_install']
[1.924s] Level 1:colcon.colcon_core.package_identification:_identify(/home/electronica/ros2_ws_v2) by extension 'ignore'
[1.924s] Level 1:colcon.colcon_core.package_identification:_identify(/home/electronica/ros2_ws_v2) by extension 'ignore_ament_install'
[1.924s] Level 1:colcon.colcon_core.package_identification:_identify(/home/electronica/ros2_ws_v2) by extensions ['colcon_pkg']
[1.924s] Level 1:colcon.colcon_core.package_identification:_identify(/home/electronica/ros2_ws_v2) by extension 'colcon_pkg'
[1.925s] Level 1:colcon.colcon_core.package_identification:_identify(/home/electronica/ros2_ws_v2) by extensions ['colcon_meta']
[1.925s] Level 1:colcon.colcon_core.package_identification:_identify(/home/electronica/ros2_ws_v2) by extension 'colcon_meta'
[1.925s] Level 1:colcon.colcon_core.package_identification:_identify(/home/electronica/ros2_ws_v2) by extensions ['ros']
[1.925s] Level 1:colcon.colcon_core.package_identification:_identify(/home/electronica/ros2_ws_v2) by extension 'ros'
[1.942s] Level 1:colcon.colcon_core.package_identification:_identify(/home/electronica/ros2_ws_v2) by extensions ['cmake', 'python']
[1.942s] Level 1:colcon.colcon_core.package_identification:_identify(/home/electronica/ros2_ws_v2) by extension 'cmake'
[1.942s] Level 1:colcon.colcon_core.package_identification:_identify(/home/electronica/ros2_ws_v2) by extension 'python'
[1.942s] Level 1:colcon.colcon_core.package_identification:_identify(/home/electronica/ros2_ws_v2) by extensions ['python_setup_py']
[1.942s] Level 1:colcon.colcon_core.package_identification:_identify(/home/electronica/ros2_ws_v2) by extension 'python_setup_py'
[1.942s] Level 1:colcon.colcon_core.package_identification:_identify(/home/electronica/ros2_ws_v2/build) by extensions ['ignore', 'ignore_ament_install']
[1.943s] Level 1:colcon.colcon_core.package_identification:_identify(/home/electronica/ros2_ws_v2/build) by extension 'ignore'
[1.943s] Level 1:colcon.colcon_core.package_identification:_identify(/home/electronica/ros2_ws_v2/build) ignored
[1.943s] Level 1:colcon.colcon_core.package_identification:_identify(/home/electronica/ros2_ws_v2/install) by extensions ['ignore', 'ignore_ament_install']
[1.943s] Level 1:colcon.colcon_core.package_identification:_identify(/home/electronica/ros2_ws_v2/install) by extension 'ignore'
[1.943s] Level 1:colcon.colcon_core.package_identification:_identify(/home/electronica/ros2_ws_v2/install) ignored
[1.943s] Level 1:colcon.colcon_core.package_identification:_identify(/home/electronica/ros2_ws_v2/log) by extensions ['ignore', 'ignore_ament_install']
[1.943s] Level 1:colcon.colcon_core.package_identification:_identify(/home/electronica/ros2_ws_v2/log) by extension 'ignore'
[1.943s] Level 1:colcon.colcon_core.package_identification:_identify(/home/electronica/ros2_ws_v2/log) ignored
[1.944s] Level 1:colcon.colcon_core.package_identification:_identify(/home/electronica/ros2_ws_v2/src) by extensions ['ignore', 'ignore_ament_install']
[1.944s] Level 1:colcon.colcon_core.package_identification:_identify(/home/electronica/ros2_ws_v2/src) by extension 'ignore'
[1.944s] Level 1:colcon.colcon_core.package_identification:_identify(/home/electronica/ros2_ws_v2/src) by extension 'ignore_ament_install'
[1.944s] Level 1:colcon.colcon_core.package_identification:_identify(/home/electronica/ros2_ws_v2/src) by extensions ['colcon_pkg']
[1.944s] Level 1:colcon.colcon_core.package_identification:_identify(/home/electronica/ros2_ws_v2/src) by extension 'colcon_pkg'
[1.944s] Level 1:colcon.colcon_core.package_identification:_identify(/home/electronica/ros2_ws_v2/src) by extensions ['colcon_meta']
[1.944s] Level 1:colcon.colcon_core.package_identification:_identify(/home/electronica/ros2_ws_v2/src) by extension 'colcon_meta'
[1.944s] Level 1:colcon.colcon_core.package_identification:_identify(/home/electronica/ros2_ws_v2/src) by extensions ['ros']
[1.944s] Level 1:colcon.colcon_core.package_identification:_identify(/home/electronica/ros2_ws_v2/src) by extension 'ros'
[1.944s] Level 1:colcon.colcon_core.package_identification:_identify(/home/electronica/ros2_ws_v2/src) by extensions ['cmake', 'python']
[1.945s] Level 1:colcon.colcon_core.package_identification:_identify(/home/electronica/ros2_ws_v2/src) by extension 'cmake'
[1.945s] Level 1:colcon.colcon_core.package_identification:_identify(/home/electronica/ros2_ws_v2/src) by extension 'python'
[1.945s] Level 1:colcon.colcon_core.package_identification:_identify(/home/electronica/ros2_ws_v2/src) by extensions ['python_setup_py']
[1.945s] Level 1:colcon.colcon_core.package_identification:_identify(/home/electronica/ros2_ws_v2/src) by extension 'python_setup_py'
[1.945s] Level 1:colcon.colcon_core.package_identification:_identify(/home/electronica/ros2_ws_v2/src/my_robot_description) by extensions ['ignore', 'ignore_ament_install']
[1.945s] Level 1:colcon.colcon_core.package_identification:_identify(/home/electronica/ros2_ws_v2/src/my_robot_description) by extension 'ignore'
[1.945s] Level 1:colcon.colcon_core.package_identification:_identify(/home/electronica/ros2_ws_v2/src/my_robot_description) by extension 'ignore_ament_install'
[1.945s] Level 1:colcon.colcon_core.package_identification:_identify(/home/electronica/ros2_ws_v2/src/my_robot_description) by extensions ['colcon_pkg']
[1.945s] Level 1:colcon.colcon_core.package_identification:_identify(/home/electronica/ros2_ws_v2/src/my_robot_description) by extension 'colcon_pkg'
[1.945s] Level 1:colcon.colcon_core.package_identification:_identify(/home/electronica/ros2_ws_v2/src/my_robot_description) by extensions ['colcon_meta']
[1.945s] Level 1:colcon.colcon_core.package_identification:_identify(/home/electronica/ros2_ws_v2/src/my_robot_description) by extension 'colcon_meta'
[1.946s] Level 1:colcon.colcon_core.package_identification:_identify(/home/electronica/ros2_ws_v2/src/my_robot_description) by extensions ['ros']
[1.946s] Level 1:colcon.colcon_core.package_identification:_identify(/home/electronica/ros2_ws_v2/src/my_robot_description) by extension 'ros'
[1.951s] DEBUG:colcon.colcon_core.package_identification:Package '/home/electronica/ros2_ws_v2/src/my_robot_description' with type 'ros.ament_cmake' and name 'my_robot_description'
[1.951s] Level 1:colcon.colcon_core.package_discovery:discover_packages(recursive) using defaults
