[0.168s] Invoking command in '/home/electronica/ros2_ws_v2/build/my_robot_description': CMAKE_PREFIX_PATH=${CMAKE_PREFIX_PATH}:/home/electronica/ros2_ws/install/turtlesim_catch_them_all:/home/electronica/ros2_ws/install/my_py_pkg:/opt/ros/humble /usr/bin/cmake /home/electronica/ros2_ws_v2/src/my_robot_description -DAMENT_CMAKE_SYMLINK_INSTALL=1 -DCMAKE_INSTALL_PREFIX=/home/electronica/ros2_ws_v2/install/my_robot_description
[0.193s] -- Found ament_cmake: 1.3.5 (/opt/ros/humble/share/ament_cmake/cmake)
[0.416s] -- Override CMake install command with custom implementation using symlinks instead of copying resources
[0.536s] -- Configuring done
[0.543s] -- Generating done
[0.545s] -- Build files have been written to: /home/electronica/ros2_ws_v2/build/my_robot_description
[0.551s] Invoked command in '/home/electronica/ros2_ws_v2/build/my_robot_description' returned '0': CMAKE_PREFIX_PATH=${CMAKE_PREFIX_PATH}:/home/electronica/ros2_ws/install/turtlesim_catch_them_all:/home/electronica/ros2_ws/install/my_py_pkg:/opt/ros/humble /usr/bin/cmake /home/electronica/ros2_ws_v2/src/my_robot_description -DAMENT_CMAKE_SYMLINK_INSTALL=1 -DCMAKE_INSTALL_PREFIX=/home/electronica/ros2_ws_v2/install/my_robot_description
[0.555s] Invoking command in '/home/electronica/ros2_ws_v2/build/my_robot_description': CMAKE_PREFIX_PATH=${CMAKE_PREFIX_PATH}:/home/electronica/ros2_ws/install/turtlesim_catch_them_all:/home/electronica/ros2_ws/install/my_py_pkg:/opt/ros/humble /usr/bin/cmake --build /home/electronica/ros2_ws_v2/build/my_robot_description -- -j8 -l8
[0.618s] Invoked command in '/home/electronica/ros2_ws_v2/build/my_robot_description' returned '0': CMAKE_PREFIX_PATH=${CMAKE_PREFIX_PATH}:/home/electronica/ros2_ws/install/turtlesim_catch_them_all:/home/electronica/ros2_ws/install/my_py_pkg:/opt/ros/humble /usr/bin/cmake --build /home/electronica/ros2_ws_v2/build/my_robot_description -- -j8 -l8
[0.666s] Invoking command in '/home/electronica/ros2_ws_v2/build/my_robot_description': CMAKE_PREFIX_PATH=${CMAKE_PREFIX_PATH}:/home/electronica/ros2_ws/install/turtlesim_catch_them_all:/home/electronica/ros2_ws/install/my_py_pkg:/opt/ros/humble /usr/bin/cmake --install /home/electronica/ros2_ws_v2/build/my_robot_description
[0.676s] -- Install configuration: ""
[0.677s] -- Execute custom install script
[0.677s] -- Up-to-date symlink: /home/electronica/ros2_ws_v2/install/my_robot_description/share/my_robot_description//urdf/common_properties.xacro
[0.678s] -- Up-to-date symlink: /home/electronica/ros2_ws_v2/install/my_robot_description/share/my_robot_description//urdf/mobile_base.xacro
[0.678s] -- Up-to-date symlink: /home/electronica/ros2_ws_v2/install/my_robot_description/share/my_robot_description//urdf/my_robot.urdf.xacro
[0.678s] -- Up-to-date symlink: /home/electronica/ros2_ws_v2/install/my_robot_description/share/my_robot_description//launch/display.launch.py
[0.678s] -- Up-to-date symlink: /home/electronica/ros2_ws_v2/install/my_robot_description/share/my_robot_description//launch/display.launch.xml
[0.678s] -- Up-to-date symlink: /home/electronica/ros2_ws_v2/install/my_robot_description/share/my_robot_description//rviz/urdf_config.rviz
[0.679s] -- Up-to-date symlink: /home/electronica/ros2_ws_v2/install/my_robot_description/share/ament_index/resource_index/package_run_dependencies/my_robot_description
[0.679s] -- Up-to-date symlink: /home/electronica/ros2_ws_v2/install/my_robot_description/share/ament_index/resource_index/parent_prefix_path/my_robot_description
[0.679s] -- Up-to-date symlink: /home/electronica/ros2_ws_v2/install/my_robot_description/share/my_robot_description/environment/ament_prefix_path.sh
[0.679s] -- Up-to-date symlink: /home/electronica/ros2_ws_v2/install/my_robot_description/share/my_robot_description/environment/ament_prefix_path.dsv
[0.680s] -- Up-to-date symlink: /home/electronica/ros2_ws_v2/install/my_robot_description/share/my_robot_description/environment/path.sh
[0.680s] -- Up-to-date symlink: /home/electronica/ros2_ws_v2/install/my_robot_description/share/my_robot_description/environment/path.dsv
[0.680s] -- Up-to-date symlink: /home/electronica/ros2_ws_v2/install/my_robot_description/share/my_robot_description/local_setup.bash
[0.681s] -- Up-to-date symlink: /home/electronica/ros2_ws_v2/install/my_robot_description/share/my_robot_description/local_setup.sh
[0.681s] -- Up-to-date symlink: /home/electronica/ros2_ws_v2/install/my_robot_description/share/my_robot_description/local_setup.zsh
[0.681s] -- Up-to-date symlink: /home/electronica/ros2_ws_v2/install/my_robot_description/share/my_robot_description/local_setup.dsv
[0.681s] -- Symlinking: /home/electronica/ros2_ws_v2/install/my_robot_description/share/my_robot_description/package.dsv
[0.697s] -- Up-to-date symlink: /home/electronica/ros2_ws_v2/install/my_robot_description/share/ament_index/resource_index/packages/my_robot_description
[0.698s] -- Up-to-date symlink: /home/electronica/ros2_ws_v2/install/my_robot_description/share/my_robot_description/cmake/my_robot_descriptionConfig.cmake
[0.698s] -- Up-to-date symlink: /home/electronica/ros2_ws_v2/install/my_robot_description/share/my_robot_description/cmake/my_robot_descriptionConfig-version.cmake
[0.698s] -- Up-to-date symlink: /home/electronica/ros2_ws_v2/install/my_robot_description/share/my_robot_description/package.xml
[0.701s] Invoked command in '/home/electronica/ros2_ws_v2/build/my_robot_description' returned '0': CMAKE_PREFIX_PATH=${CMAKE_PREFIX_PATH}:/home/electronica/ros2_ws/install/turtlesim_catch_them_all:/home/electronica/ros2_ws/install/my_py_pkg:/opt/ros/humble /usr/bin/cmake --install /home/electronica/ros2_ws_v2/build/my_robot_description
