[2.069s] DEBUG:colcon:Command line arguments: ['/usr/bin/colcon', 'build', '--symlink-install']
[2.069s] DEBUG:colcon:Parsed command line arguments: Namespace(log_base=None, log_level=None, verb_name='build', build_base='build', install_base='install', merge_install=False, symlink_install=True, test_result_base=None, continue_on_error=False, executor='parallel', parallel_workers=8, event_handlers=None, ignore_user_meta=False, metas=['./colcon.meta'], base_paths=['.'], packages_ignore=None, packages_ignore_regex=None, paths=None, packages_up_to=None, packages_up_to_regex=None, packages_above=None, packages_above_and_dependencies=None, packages_above_depth=None, packages_select_by_dep=None, packages_skip_by_dep=None, packages_skip_up_to=None, packages_select_build_failed=False, packages_skip_build_finished=False, packages_select_test_failures=False, packages_skip_test_passed=False, packages_select=None, packages_skip=None, packages_select_regex=None, packages_skip_regex=None, packages_start=None, packages_end=None, allow_overriding=[], cmake_args=None, cmake_target=None, cmake_target_skip_unavailable=False, cmake_clean_cache=False, cmake_clean_first=False, cmake_force_configure=False, ament_cmake_args=None, catkin_cmake_args=None, catkin_skip_building_tests=False, verb_parser=<colcon_defaults.argument_parser.defaults.DefaultArgumentsDecorator object at 0x7f54d11ad2d0>, verb_extension=<colcon_core.verb.build.BuildVerb object at 0x7f54d1184af0>, main=<bound method BuildVerb.main of <colcon_core.verb.build.BuildVerb object at 0x7f54d1184af0>>)
[2.156s] Level 1:colcon.colcon_core.package_discovery:discover_packages(colcon_meta) check parameters
[2.156s] Level 1:colcon.colcon_core.package_discovery:discover_packages(recursive) check parameters
[2.156s] Level 1:colcon.colcon_core.package_discovery:discover_packages(ignore) check parameters
[2.156s] Level 1:colcon.colcon_core.package_discovery:discover_packages(path) check parameters
[2.156s] Level 1:colcon.colcon_core.package_discovery:discover_packages(colcon_meta) discover
[2.156s] Level 1:colcon.colcon_core.package_discovery:discover_packages(recursive) discover
[2.156s] INFO:colcon.colcon_core.package_discovery:Crawling recursively for packages in '/home/electronica/ros2_ws_v2'
[2.156s] Level 1:colcon.colcon_core.package_identification:_identify(.) by extensions ['ignore', 'ignore_ament_install']
[2.156s] Level 1:colcon.colcon_core.package_identification:_identify(.) by extension 'ignore'
[2.157s] Level 1:colcon.colcon_core.package_identification:_identify(.) by extension 'ignore_ament_install'
[2.157s] Level 1:colcon.colcon_core.package_identification:_identify(.) by extensions ['colcon_pkg']
[2.157s] Level 1:colcon.colcon_core.package_identification:_identify(.) by extension 'colcon_pkg'
[2.157s] Level 1:colcon.colcon_core.package_identification:_identify(.) by extensions ['colcon_meta']
[2.157s] Level 1:colcon.colcon_core.package_identification:_identify(.) by extension 'colcon_meta'
[2.157s] Level 1:colcon.colcon_core.package_identification:_identify(.) by extensions ['ros']
[2.157s] Level 1:colcon.colcon_core.package_identification:_identify(.) by extension 'ros'
[2.173s] Level 1:colcon.colcon_core.package_identification:_identify(.) by extensions ['cmake', 'python']
[2.173s] Level 1:colcon.colcon_core.package_identification:_identify(.) by extension 'cmake'
[2.173s] Level 1:colcon.colcon_core.package_identification:_identify(.) by extension 'python'
[2.174s] Level 1:colcon.colcon_core.package_identification:_identify(.) by extensions ['python_setup_py']
[2.174s] Level 1:colcon.colcon_core.package_identification:_identify(.) by extension 'python_setup_py'
[2.174s] Level 1:colcon.colcon_core.package_identification:_identify(build) by extensions ['ignore', 'ignore_ament_install']
[2.174s] Level 1:colcon.colcon_core.package_identification:_identify(build) by extension 'ignore'
[2.174s] Level 1:colcon.colcon_core.package_identification:_identify(build) ignored
[2.174s] Level 1:colcon.colcon_core.package_identification:_identify(install) by extensions ['ignore', 'ignore_ament_install']
[2.174s] Level 1:colcon.colcon_core.package_identification:_identify(install) by extension 'ignore'
[2.174s] Level 1:colcon.colcon_core.package_identification:_identify(install) ignored
[2.175s] Level 1:colcon.colcon_core.package_identification:_identify(log) by extensions ['ignore', 'ignore_ament_install']
[2.175s] Level 1:colcon.colcon_core.package_identification:_identify(log) by extension 'ignore'
[2.175s] Level 1:colcon.colcon_core.package_identification:_identify(log) ignored
[2.175s] Level 1:colcon.colcon_core.package_identification:_identify(src) by extensions ['ignore', 'ignore_ament_install']
[2.175s] Level 1:colcon.colcon_core.package_identification:_identify(src) by extension 'ignore'
[2.175s] Level 1:colcon.colcon_core.package_identification:_identify(src) by extension 'ignore_ament_install'
[2.175s] Level 1:colcon.colcon_core.package_identification:_identify(src) by extensions ['colcon_pkg']
[2.175s] Level 1:colcon.colcon_core.package_identification:_identify(src) by extension 'colcon_pkg'
[2.175s] Level 1:colcon.colcon_core.package_identification:_identify(src) by extensions ['colcon_meta']
[2.175s] Level 1:colcon.colcon_core.package_identification:_identify(src) by extension 'colcon_meta'
[2.176s] Level 1:colcon.colcon_core.package_identification:_identify(src) by extensions ['ros']
[2.176s] Level 1:colcon.colcon_core.package_identification:_identify(src) by extension 'ros'
[2.176s] Level 1:colcon.colcon_core.package_identification:_identify(src) by extensions ['cmake', 'python']
[2.176s] Level 1:colcon.colcon_core.package_identification:_identify(src) by extension 'cmake'
[2.176s] Level 1:colcon.colcon_core.package_identification:_identify(src) by extension 'python'
[2.176s] Level 1:colcon.colcon_core.package_identification:_identify(src) by extensions ['python_setup_py']
[2.176s] Level 1:colcon.colcon_core.package_identification:_identify(src) by extension 'python_setup_py'
[2.176s] Level 1:colcon.colcon_core.package_identification:_identify(src/my_robot_bringup) by extensions ['ignore', 'ignore_ament_install']
[2.176s] Level 1:colcon.colcon_core.package_identification:_identify(src/my_robot_bringup) by extension 'ignore'
[2.176s] Level 1:colcon.colcon_core.package_identification:_identify(src/my_robot_bringup) by extension 'ignore_ament_install'
[2.177s] Level 1:colcon.colcon_core.package_identification:_identify(src/my_robot_bringup) by extensions ['colcon_pkg']
[2.177s] Level 1:colcon.colcon_core.package_identification:_identify(src/my_robot_bringup) by extension 'colcon_pkg'
[2.177s] Level 1:colcon.colcon_core.package_identification:_identify(src/my_robot_bringup) by extensions ['colcon_meta']
[2.177s] Level 1:colcon.colcon_core.package_identification:_identify(src/my_robot_bringup) by extension 'colcon_meta'
[2.177s] Level 1:colcon.colcon_core.package_identification:_identify(src/my_robot_bringup) by extensions ['ros']
[2.177s] Level 1:colcon.colcon_core.package_identification:_identify(src/my_robot_bringup) by extension 'ros'
[2.180s] DEBUG:colcon.colcon_core.package_identification:Package 'src/my_robot_bringup' with type 'ros.ament_cmake' and name 'my_robot_bringup'
[2.180s] Level 1:colcon.colcon_core.package_identification:_identify(src/my_robot_description) by extensions ['ignore', 'ignore_ament_install']
[2.181s] Level 1:colcon.colcon_core.package_identification:_identify(src/my_robot_description) by extension 'ignore'
[2.181s] Level 1:colcon.colcon_core.package_identification:_identify(src/my_robot_description) by extension 'ignore_ament_install'
[2.181s] Level 1:colcon.colcon_core.package_identification:_identify(src/my_robot_description) by extensions ['colcon_pkg']
[2.181s] Level 1:colcon.colcon_core.package_identification:_identify(src/my_robot_description) by extension 'colcon_pkg'
[2.181s] Level 1:colcon.colcon_core.package_identification:_identify(src/my_robot_description) by extensions ['colcon_meta']
[2.181s] Level 1:colcon.colcon_core.package_identification:_identify(src/my_robot_description) by extension 'colcon_meta'
[2.181s] Level 1:colcon.colcon_core.package_identification:_identify(src/my_robot_description) by extensions ['ros']
[2.181s] Level 1:colcon.colcon_core.package_identification:_identify(src/my_robot_description) by extension 'ros'
[2.182s] DEBUG:colcon.colcon_core.package_identification:Package 'src/my_robot_description' with type 'ros.ament_cmake' and name 'my_robot_description'
[2.182s] Level 1:colcon.colcon_core.package_discovery:discover_packages(recursive) using defaults
[2.182s] Level 1:colcon.colcon_core.package_discovery:discover_packages(ignore) discover
[2.182s] Level 1:colcon.colcon_core.package_discovery:discover_packages(ignore) using defaults
[2.182s] Level 1:colcon.colcon_core.package_discovery:discover_packages(path) discover
[2.182s] Level 1:colcon.colcon_core.package_discovery:discover_packages(path) using defaults
[2.364s] Level 1:colcon.colcon_core.package_discovery:discover_packages(prefix_path) check parameters
[2.364s] Level 1:colcon.colcon_core.package_discovery:discover_packages(prefix_path) discover
[2.427s] DEBUG:colcon.colcon_installed_package_information.package_discovery:Found 2 installed packages in /home/electronica/ros2_ws_v2/install
[2.473s] DEBUG:colcon.colcon_installed_package_information.package_discovery:Found 5 installed packages in /home/electronica/ros2_ws/install
[2.506s] DEBUG:colcon.colcon_installed_package_information.package_discovery:Found 327 installed packages in /opt/ros/humble
[2.509s] Level 1:colcon.colcon_core.package_discovery:discover_packages(prefix_path) using defaults
[2.692s] Level 5:colcon.colcon_core.verb:set package 'my_robot_description' build argument 'cmake_args' from command line to 'None'
[2.692s] Level 5:colcon.colcon_core.verb:set package 'my_robot_description' build argument 'cmake_target' from command line to 'None'
[2.692s] Level 5:colcon.colcon_core.verb:set package 'my_robot_description' build argument 'cmake_target_skip_unavailable' from command line to 'False'
[2.692s] Level 5:colcon.colcon_core.verb:set package 'my_robot_description' build argument 'cmake_clean_cache' from command line to 'False'
[2.692s] Level 5:colcon.colcon_core.verb:set package 'my_robot_description' build argument 'cmake_clean_first' from command line to 'False'
[2.692s] Level 5:colcon.colcon_core.verb:set package 'my_robot_description' build argument 'cmake_force_configure' from command line to 'False'
[2.692s] Level 5:colcon.colcon_core.verb:set package 'my_robot_description' build argument 'ament_cmake_args' from command line to 'None'
[2.692s] Level 5:colcon.colcon_core.verb:set package 'my_robot_description' build argument 'catkin_cmake_args' from command line to 'None'
[2.692s] Level 5:colcon.colcon_core.verb:set package 'my_robot_description' build argument 'catkin_skip_building_tests' from command line to 'False'
[2.693s] DEBUG:colcon.colcon_core.verb:Building package 'my_robot_description' with the following arguments: {'ament_cmake_args': None, 'build_base': '/home/electronica/ros2_ws_v2/build/my_robot_description', 'catkin_cmake_args': None, 'catkin_skip_building_tests': False, 'cmake_args': None, 'cmake_clean_cache': False, 'cmake_clean_first': False, 'cmake_force_configure': False, 'cmake_target': None, 'cmake_target_skip_unavailable': False, 'install_base': '/home/electronica/ros2_ws_v2/install/my_robot_description', 'merge_install': False, 'path': '/home/electronica/ros2_ws_v2/src/my_robot_description', 'symlink_install': True, 'test_result_base': None}
[2.724s] Level 5:colcon.colcon_core.verb:set package 'my_robot_bringup' build argument 'cmake_args' from command line to 'None'
[2.724s] Level 5:colcon.colcon_core.verb:set package 'my_robot_bringup' build argument 'cmake_target' from command line to 'None'
[2.724s] Level 5:colcon.colcon_core.verb:set package 'my_robot_bringup' build argument 'cmake_target_skip_unavailable' from command line to 'False'
[2.724s] Level 5:colcon.colcon_core.verb:set package 'my_robot_bringup' build argument 'cmake_clean_cache' from command line to 'False'
[2.724s] Level 5:colcon.colcon_core.verb:set package 'my_robot_bringup' build argument 'cmake_clean_first' from command line to 'False'
[2.724s] Level 5:colcon.colcon_core.verb:set package 'my_robot_bringup' build argument 'cmake_force_configure' from command line to 'False'
[2.724s] Level 5:colcon.colcon_core.verb:set package 'my_robot_bringup' build argument 'ament_cmake_args' from command line to 'None'
[2.724s] Level 5:colcon.colcon_core.verb:set package 'my_robot_bringup' build argument 'catkin_cmake_args' from command line to 'None'
[2.724s] Level 5:colcon.colcon_core.verb:set package 'my_robot_bringup' build argument 'catkin_skip_building_tests' from command line to 'False'
[2.724s] DEBUG:colcon.colcon_core.verb:Building package 'my_robot_bringup' with the following arguments: {'ament_cmake_args': None, 'build_base': '/home/electronica/ros2_ws_v2/build/my_robot_bringup', 'catkin_cmake_args': None, 'catkin_skip_building_tests': False, 'cmake_args': None, 'cmake_clean_cache': False, 'cmake_clean_first': False, 'cmake_force_configure': False, 'cmake_target': None, 'cmake_target_skip_unavailable': False, 'install_base': '/home/electronica/ros2_ws_v2/install/my_robot_bringup', 'merge_install': False, 'path': '/home/electronica/ros2_ws_v2/src/my_robot_bringup', 'symlink_install': True, 'test_result_base': None}
[2.755s] INFO:colcon.colcon_core.executor:Executing jobs using 'parallel' executor
[2.787s] DEBUG:colcon.colcon_parallel_executor.executor.parallel:run_until_complete
[2.787s] INFO:colcon.colcon_ros.task.ament_cmake.build:Building ROS package in '/home/electronica/ros2_ws_v2/src/my_robot_description' with build type 'ament_cmake'
[2.788s] INFO:colcon.colcon_cmake.task.cmake.build:Building CMake package in '/home/electronica/ros2_ws_v2/src/my_robot_description'
[2.822s] INFO:colcon.colcon_core.plugin_system:Skipping extension 'colcon_core.shell.bat': Not used on non-Windows systems
[2.823s] INFO:colcon.colcon_core.shell:Skip shell extension 'powershell' for command environment: Not usable outside of PowerShell
[2.823s] DEBUG:colcon.colcon_core.shell:Skip shell extension 'dsv' for command environment
[2.963s] DEBUG:colcon.colcon_core.event_handler.log_command:Invoking command in '/home/electronica/ros2_ws_v2/build/my_robot_description': CMAKE_PREFIX_PATH=${CMAKE_PREFIX_PATH}:/home/electronica/ros2_ws/install/turtlesim_catch_them_all:/home/electronica/ros2_ws/install/my_py_pkg:/opt/ros/humble /usr/bin/cmake --build /home/electronica/ros2_ws_v2/build/my_robot_description -- -j8 -l8
[3.031s] DEBUG:colcon.colcon_core.event_handler.log_command:Invoked command in '/home/electronica/ros2_ws_v2/build/my_robot_description' returned '0': CMAKE_PREFIX_PATH=${CMAKE_PREFIX_PATH}:/home/electronica/ros2_ws/install/turtlesim_catch_them_all:/home/electronica/ros2_ws/install/my_py_pkg:/opt/ros/humble /usr/bin/cmake --build /home/electronica/ros2_ws_v2/build/my_robot_description -- -j8 -l8
[3.075s] DEBUG:colcon.colcon_core.event_handler.log_command:Invoking command in '/home/electronica/ros2_ws_v2/build/my_robot_description': CMAKE_PREFIX_PATH=${CMAKE_PREFIX_PATH}:/home/electronica/ros2_ws/install/turtlesim_catch_them_all:/home/electronica/ros2_ws/install/my_py_pkg:/opt/ros/humble /usr/bin/cmake --install /home/electronica/ros2_ws_v2/build/my_robot_description
[3.113s] Level 1:colcon.colcon_core.environment:create_environment_scripts_only(my_robot_description)
[3.114s] DEBUG:colcon.colcon_core.event_handler.log_command:Invoked command in '/home/electronica/ros2_ws_v2/build/my_robot_description' returned '0': CMAKE_PREFIX_PATH=${CMAKE_PREFIX_PATH}:/home/electronica/ros2_ws/install/turtlesim_catch_them_all:/home/electronica/ros2_ws/install/my_py_pkg:/opt/ros/humble /usr/bin/cmake --install /home/electronica/ros2_ws_v2/build/my_robot_description
[3.154s] Level 1:colcon.colcon_core.environment:checking '/home/electronica/ros2_ws_v2/install/my_robot_description' for CMake module files
[3.155s] Level 1:colcon.colcon_core.environment:checking '/home/electronica/ros2_ws_v2/install/my_robot_description' for CMake config files
[3.156s] Level 1:colcon.colcon_core.shell:create_environment_hook('my_robot_description', 'cmake_prefix_path')
[3.192s] INFO:colcon.colcon_core.shell:Creating environment hook '/home/electronica/ros2_ws_v2/install/my_robot_description/share/my_robot_description/hook/cmake_prefix_path.ps1'
[3.193s] INFO:colcon.colcon_core.shell:Creating environment descriptor '/home/electronica/ros2_ws_v2/install/my_robot_description/share/my_robot_description/hook/cmake_prefix_path.dsv'
[3.193s] INFO:colcon.colcon_core.shell:Creating environment hook '/home/electronica/ros2_ws_v2/install/my_robot_description/share/my_robot_description/hook/cmake_prefix_path.sh'
[3.194s] Level 1:colcon.colcon_core.environment:checking '/home/electronica/ros2_ws_v2/install/my_robot_description/bin'
[3.195s] Level 1:colcon.colcon_core.environment:checking '/home/electronica/ros2_ws_v2/install/my_robot_description/lib/pkgconfig/my_robot_description.pc'
[3.195s] Level 1:colcon.colcon_core.environment:checking '/home/electronica/ros2_ws_v2/install/my_robot_description/lib/python3.10/site-packages'
[3.195s] Level 1:colcon.colcon_core.environment:checking '/home/electronica/ros2_ws_v2/install/my_robot_description/bin'
[3.228s] INFO:colcon.colcon_core.shell:Creating package script '/home/electronica/ros2_ws_v2/install/my_robot_description/share/my_robot_description/package.ps1'
[3.229s] INFO:colcon.colcon_core.shell:Creating package descriptor '/home/electronica/ros2_ws_v2/install/my_robot_description/share/my_robot_description/package.dsv'
[3.230s] INFO:colcon.colcon_core.shell:Creating package script '/home/electronica/ros2_ws_v2/install/my_robot_description/share/my_robot_description/package.sh'
[3.231s] INFO:colcon.colcon_core.shell:Creating package script '/home/electronica/ros2_ws_v2/install/my_robot_description/share/my_robot_description/package.bash'
[3.232s] INFO:colcon.colcon_core.shell:Creating package script '/home/electronica/ros2_ws_v2/install/my_robot_description/share/my_robot_description/package.zsh'
[3.233s] Level 1:colcon.colcon_core.environment:create_file_with_runtime_dependencies(/home/electronica/ros2_ws_v2/install/my_robot_description/share/colcon-core/packages/my_robot_description)
[3.304s] Level 1:colcon.colcon_core.environment:create_environment_scripts_only(my_robot_description)
[3.337s] Level 1:colcon.colcon_core.environment:checking '/home/electronica/ros2_ws_v2/install/my_robot_description' for CMake module files
[3.338s] Level 1:colcon.colcon_core.environment:checking '/home/electronica/ros2_ws_v2/install/my_robot_description' for CMake config files
[3.338s] Level 1:colcon.colcon_core.shell:create_environment_hook('my_robot_description', 'cmake_prefix_path')
[3.368s] INFO:colcon.colcon_core.shell:Creating environment hook '/home/electronica/ros2_ws_v2/install/my_robot_description/share/my_robot_description/hook/cmake_prefix_path.ps1'
[3.369s] INFO:colcon.colcon_core.shell:Creating environment descriptor '/home/electronica/ros2_ws_v2/install/my_robot_description/share/my_robot_description/hook/cmake_prefix_path.dsv'
[3.369s] INFO:colcon.colcon_core.shell:Creating environment hook '/home/electronica/ros2_ws_v2/install/my_robot_description/share/my_robot_description/hook/cmake_prefix_path.sh'
[3.370s] Level 1:colcon.colcon_core.environment:checking '/home/electronica/ros2_ws_v2/install/my_robot_description/bin'
[3.370s] Level 1:colcon.colcon_core.environment:checking '/home/electronica/ros2_ws_v2/install/my_robot_description/lib/pkgconfig/my_robot_description.pc'
[3.370s] Level 1:colcon.colcon_core.environment:checking '/home/electronica/ros2_ws_v2/install/my_robot_description/lib/python3.10/site-packages'
[3.371s] Level 1:colcon.colcon_core.environment:checking '/home/electronica/ros2_ws_v2/install/my_robot_description/bin'
[3.401s] INFO:colcon.colcon_core.shell:Creating package script '/home/electronica/ros2_ws_v2/install/my_robot_description/share/my_robot_description/package.ps1'
[3.402s] INFO:colcon.colcon_core.shell:Creating package descriptor '/home/electronica/ros2_ws_v2/install/my_robot_description/share/my_robot_description/package.dsv'
[3.403s] INFO:colcon.colcon_core.shell:Creating package script '/home/electronica/ros2_ws_v2/install/my_robot_description/share/my_robot_description/package.sh'
[3.403s] INFO:colcon.colcon_core.shell:Creating package script '/home/electronica/ros2_ws_v2/install/my_robot_description/share/my_robot_description/package.bash'
[3.404s] INFO:colcon.colcon_core.shell:Creating package script '/home/electronica/ros2_ws_v2/install/my_robot_description/share/my_robot_description/package.zsh'
[3.404s] Level 1:colcon.colcon_core.environment:create_file_with_runtime_dependencies(/home/electronica/ros2_ws_v2/install/my_robot_description/share/colcon-core/packages/my_robot_description)
[3.405s] INFO:colcon.colcon_ros.task.ament_cmake.build:Building ROS package in '/home/electronica/ros2_ws_v2/src/my_robot_bringup' with build type 'ament_cmake'
[3.405s] INFO:colcon.colcon_cmake.task.cmake.build:Building CMake package in '/home/electronica/ros2_ws_v2/src/my_robot_bringup'
[3.436s] INFO:colcon.colcon_core.shell:Skip shell extension 'powershell' for command environment: Not usable outside of PowerShell
[3.436s] DEBUG:colcon.colcon_core.shell:Skip shell extension 'dsv' for command environment
[3.571s] DEBUG:colcon.colcon_core.event_handler.log_command:Invoking command in '/home/electronica/ros2_ws_v2/build/my_robot_bringup': CMAKE_PREFIX_PATH=/home/electronica/ros2_ws_v2/install/my_robot_description:/home/electronica/ros2_ws_v2/install/my_robot_bringup:/home/electronica/ros2_ws/install/my_robot_bringup:/home/electronica/ros2_ws/install/my_cpp_pkg:/home/electronica/ros2_ws/install/my_robots_interfaces:/home/electronica/ros2_ws/install/turtlesim_catch_them_all:/home/electronica/ros2_ws/install/my_py_pkg:/opt/ros/humble /usr/bin/cmake --build /home/electronica/ros2_ws_v2/build/my_robot_bringup -- -j8 -l8
[3.979s] DEBUG:colcon.colcon_core.event_handler.log_command:Invoked command in '/home/electronica/ros2_ws_v2/build/my_robot_bringup' returned '0': CMAKE_PREFIX_PATH=/home/electronica/ros2_ws_v2/install/my_robot_description:/home/electronica/ros2_ws_v2/install/my_robot_bringup:/home/electronica/ros2_ws/install/my_robot_bringup:/home/electronica/ros2_ws/install/my_cpp_pkg:/home/electronica/ros2_ws/install/my_robots_interfaces:/home/electronica/ros2_ws/install/turtlesim_catch_them_all:/home/electronica/ros2_ws/install/my_py_pkg:/opt/ros/humble /usr/bin/cmake --build /home/electronica/ros2_ws_v2/build/my_robot_bringup -- -j8 -l8
[4.019s] DEBUG:colcon.colcon_core.event_handler.log_command:Invoking command in '/home/electronica/ros2_ws_v2/build/my_robot_bringup': CMAKE_PREFIX_PATH=/home/electronica/ros2_ws_v2/install/my_robot_description:/home/electronica/ros2_ws_v2/install/my_robot_bringup:/home/electronica/ros2_ws/install/my_robot_bringup:/home/electronica/ros2_ws/install/my_cpp_pkg:/home/electronica/ros2_ws/install/my_robots_interfaces:/home/electronica/ros2_ws/install/turtlesim_catch_them_all:/home/electronica/ros2_ws/install/my_py_pkg:/opt/ros/humble /usr/bin/cmake --install /home/electronica/ros2_ws_v2/build/my_robot_bringup
[4.064s] Level 1:colcon.colcon_core.environment:create_environment_scripts_only(my_robot_bringup)
[4.066s] DEBUG:colcon.colcon_core.event_handler.log_command:Invoked command in '/home/electronica/ros2_ws_v2/build/my_robot_bringup' returned '0': CMAKE_PREFIX_PATH=/home/electronica/ros2_ws_v2/install/my_robot_description:/home/electronica/ros2_ws_v2/install/my_robot_bringup:/home/electronica/ros2_ws/install/my_robot_bringup:/home/electronica/ros2_ws/install/my_cpp_pkg:/home/electronica/ros2_ws/install/my_robots_interfaces:/home/electronica/ros2_ws/install/turtlesim_catch_them_all:/home/electronica/ros2_ws/install/my_py_pkg:/opt/ros/humble /usr/bin/cmake --install /home/electronica/ros2_ws_v2/build/my_robot_bringup
[4.117s] Level 1:colcon.colcon_core.environment:checking '/home/electronica/ros2_ws_v2/install/my_robot_bringup' for CMake module files
[4.119s] Level 1:colcon.colcon_core.environment:checking '/home/electronica/ros2_ws_v2/install/my_robot_bringup' for CMake config files
[4.119s] Level 1:colcon.colcon_core.shell:create_environment_hook('my_robot_bringup', 'cmake_prefix_path')
[4.162s] INFO:colcon.colcon_core.shell:Creating environment hook '/home/electronica/ros2_ws_v2/install/my_robot_bringup/share/my_robot_bringup/hook/cmake_prefix_path.ps1'
[4.163s] INFO:colcon.colcon_core.shell:Creating environment descriptor '/home/electronica/ros2_ws_v2/install/my_robot_bringup/share/my_robot_bringup/hook/cmake_prefix_path.dsv'
[4.163s] INFO:colcon.colcon_core.shell:Creating environment hook '/home/electronica/ros2_ws_v2/install/my_robot_bringup/share/my_robot_bringup/hook/cmake_prefix_path.sh'
[4.164s] Level 1:colcon.colcon_core.environment:checking '/home/electronica/ros2_ws_v2/install/my_robot_bringup/bin'
[4.164s] Level 1:colcon.colcon_core.environment:checking '/home/electronica/ros2_ws_v2/install/my_robot_bringup/lib/pkgconfig/my_robot_bringup.pc'
[4.165s] Level 1:colcon.colcon_core.environment:checking '/home/electronica/ros2_ws_v2/install/my_robot_bringup/lib/python3.10/site-packages'
[4.165s] Level 1:colcon.colcon_core.environment:checking '/home/electronica/ros2_ws_v2/install/my_robot_bringup/bin'
[4.198s] INFO:colcon.colcon_core.shell:Creating package script '/home/electronica/ros2_ws_v2/install/my_robot_bringup/share/my_robot_bringup/package.ps1'
[4.198s] INFO:colcon.colcon_core.shell:Creating package descriptor '/home/electronica/ros2_ws_v2/install/my_robot_bringup/share/my_robot_bringup/package.dsv'
[4.199s] INFO:colcon.colcon_core.shell:Creating package script '/home/electronica/ros2_ws_v2/install/my_robot_bringup/share/my_robot_bringup/package.sh'
[4.199s] INFO:colcon.colcon_core.shell:Creating package script '/home/electronica/ros2_ws_v2/install/my_robot_bringup/share/my_robot_bringup/package.bash'
[4.200s] INFO:colcon.colcon_core.shell:Creating package script '/home/electronica/ros2_ws_v2/install/my_robot_bringup/share/my_robot_bringup/package.zsh'
[4.200s] Level 1:colcon.colcon_core.environment:create_file_with_runtime_dependencies(/home/electronica/ros2_ws_v2/install/my_robot_bringup/share/colcon-core/packages/my_robot_bringup)
[4.264s] Level 1:colcon.colcon_core.environment:create_environment_scripts_only(my_robot_bringup)
[4.295s] Level 1:colcon.colcon_core.environment:checking '/home/electronica/ros2_ws_v2/install/my_robot_bringup' for CMake module files
[4.296s] Level 1:colcon.colcon_core.environment:checking '/home/electronica/ros2_ws_v2/install/my_robot_bringup' for CMake config files
[4.297s] Level 1:colcon.colcon_core.shell:create_environment_hook('my_robot_bringup', 'cmake_prefix_path')
[4.328s] INFO:colcon.colcon_core.shell:Creating environment hook '/home/electronica/ros2_ws_v2/install/my_robot_bringup/share/my_robot_bringup/hook/cmake_prefix_path.ps1'
[4.329s] INFO:colcon.colcon_core.shell:Creating environment descriptor '/home/electronica/ros2_ws_v2/install/my_robot_bringup/share/my_robot_bringup/hook/cmake_prefix_path.dsv'
[4.329s] INFO:colcon.colcon_core.shell:Creating environment hook '/home/electronica/ros2_ws_v2/install/my_robot_bringup/share/my_robot_bringup/hook/cmake_prefix_path.sh'
[4.330s] Level 1:colcon.colcon_core.environment:checking '/home/electronica/ros2_ws_v2/install/my_robot_bringup/bin'
[4.330s] Level 1:colcon.colcon_core.environment:checking '/home/electronica/ros2_ws_v2/install/my_robot_bringup/lib/pkgconfig/my_robot_bringup.pc'
[4.330s] Level 1:colcon.colcon_core.environment:checking '/home/electronica/ros2_ws_v2/install/my_robot_bringup/lib/python3.10/site-packages'
[4.330s] Level 1:colcon.colcon_core.environment:checking '/home/electronica/ros2_ws_v2/install/my_robot_bringup/bin'
[4.361s] INFO:colcon.colcon_core.shell:Creating package script '/home/electronica/ros2_ws_v2/install/my_robot_bringup/share/my_robot_bringup/package.ps1'
[4.362s] INFO:colcon.colcon_core.shell:Creating package descriptor '/home/electronica/ros2_ws_v2/install/my_robot_bringup/share/my_robot_bringup/package.dsv'
[4.362s] INFO:colcon.colcon_core.shell:Creating package script '/home/electronica/ros2_ws_v2/install/my_robot_bringup/share/my_robot_bringup/package.sh'
[4.363s] INFO:colcon.colcon_core.shell:Creating package script '/home/electronica/ros2_ws_v2/install/my_robot_bringup/share/my_robot_bringup/package.bash'
[4.363s] INFO:colcon.colcon_core.shell:Creating package script '/home/electronica/ros2_ws_v2/install/my_robot_bringup/share/my_robot_bringup/package.zsh'
[4.364s] Level 1:colcon.colcon_core.environment:create_file_with_runtime_dependencies(/home/electronica/ros2_ws_v2/install/my_robot_bringup/share/colcon-core/packages/my_robot_bringup)
[4.364s] DEBUG:colcon.colcon_parallel_executor.executor.parallel:closing loop
[4.365s] DEBUG:colcon.colcon_parallel_executor.executor.parallel:loop closed
[4.365s] DEBUG:colcon.colcon_parallel_executor.executor.parallel:run_until_complete finished with '0'
[4.365s] DEBUG:colcon.colcon_core.event_reactor:joining thread
[4.426s] INFO:colcon.colcon_core.plugin_system:Skipping extension 'colcon_notification.desktop_notification.terminal_notifier': Not used on non-Darwin systems
[4.426s] INFO:colcon.colcon_core.plugin_system:Skipping extension 'colcon_notification.desktop_notification.win32': Not used on non-Windows systems
[4.426s] INFO:colcon.colcon_notification.desktop_notification:Sending desktop notification using 'notify2'
[4.453s] DEBUG:colcon.colcon_core.event_reactor:joined thread
[4.485s] INFO:colcon.colcon_core.shell:Creating prefix script '/home/electronica/ros2_ws_v2/install/local_setup.ps1'
[4.486s] INFO:colcon.colcon_core.shell:Creating prefix util module '/home/electronica/ros2_ws_v2/install/_local_setup_util_ps1.py'
[4.488s] INFO:colcon.colcon_core.shell:Creating prefix chain script '/home/electronica/ros2_ws_v2/install/setup.ps1'
[4.519s] INFO:colcon.colcon_core.shell:Creating prefix script '/home/electronica/ros2_ws_v2/install/local_setup.sh'
[4.520s] INFO:colcon.colcon_core.shell:Creating prefix util module '/home/electronica/ros2_ws_v2/install/_local_setup_util_sh.py'
[4.521s] INFO:colcon.colcon_core.shell:Creating prefix chain script '/home/electronica/ros2_ws_v2/install/setup.sh'
[4.553s] INFO:colcon.colcon_core.shell:Creating prefix script '/home/electronica/ros2_ws_v2/install/local_setup.bash'
[4.553s] INFO:colcon.colcon_core.shell:Creating prefix chain script '/home/electronica/ros2_ws_v2/install/setup.bash'
[4.585s] INFO:colcon.colcon_core.shell:Creating prefix script '/home/electronica/ros2_ws_v2/install/local_setup.zsh'
[4.585s] INFO:colcon.colcon_core.shell:Creating prefix chain script '/home/electronica/ros2_ws_v2/install/setup.zsh'
