[0.166s] Invoking command in '/home/electronica/ros2_ws_v2/build/my_robot_bringup': CMAKE_PREFIX_PATH=/home/electronica/ros2_ws_v2/install/my_robot_description:/home/electronica/ros2_ws_v2/install/my_robot_bringup:/home/electronica/ros2_ws/install/my_robot_bringup:/home/electronica/ros2_ws/install/my_cpp_pkg:/home/electronica/ros2_ws/install/my_robots_interfaces:/home/electronica/ros2_ws/install/turtlesim_catch_them_all:/home/electronica/ros2_ws/install/my_py_pkg:/opt/ros/humble /usr/bin/cmake --build /home/electronica/ros2_ws_v2/build/my_robot_bringup -- -j8 -l8
[0.199s] -- Found ament_cmake: 1.3.5 (/opt/ros/humble/share/ament_cmake/cmake)
[0.399s] -- Override CMake install command with custom implementation using symlinks instead of copying resources
[0.517s] -- Configuring done
[0.520s] -- Generating done
[0.522s] -- Build files have been written to: /home/electronica/ros2_ws_v2/build/my_robot_bringup
[0.556s] Invoked command in '/home/electronica/ros2_ws_v2/build/my_robot_bringup' returned '0': CMAKE_PREFIX_PATH=/home/electronica/ros2_ws_v2/install/my_robot_description:/home/electronica/ros2_ws_v2/install/my_robot_bringup:/home/electronica/ros2_ws/install/my_robot_bringup:/home/electronica/ros2_ws/install/my_cpp_pkg:/home/electronica/ros2_ws/install/my_robots_interfaces:/home/electronica/ros2_ws/install/turtlesim_catch_them_all:/home/electronica/ros2_ws/install/my_py_pkg:/opt/ros/humble /usr/bin/cmake --build /home/electronica/ros2_ws_v2/build/my_robot_bringup -- -j8 -l8
[0.595s] Invoking command in '/home/electronica/ros2_ws_v2/build/my_robot_bringup': CMAKE_PREFIX_PATH=/home/electronica/ros2_ws_v2/install/my_robot_description:/home/electronica/ros2_ws_v2/install/my_robot_bringup:/home/electronica/ros2_ws/install/my_robot_bringup:/home/electronica/ros2_ws/install/my_cpp_pkg:/home/electronica/ros2_ws/install/my_robots_interfaces:/home/electronica/ros2_ws/install/turtlesim_catch_them_all:/home/electronica/ros2_ws/install/my_py_pkg:/opt/ros/humble /usr/bin/cmake --install /home/electronica/ros2_ws_v2/build/my_robot_bringup
[0.609s] -- Install configuration: ""
[0.609s] -- Execute custom install script
[0.610s] -- Up-to-date symlink: /home/electronica/ros2_ws_v2/install/my_robot_bringup/share/my_robot_bringup//launch/my_robot_gazebo.launch.xml
[0.611s] -- Up-to-date symlink: /home/electronica/ros2_ws_v2/install/my_robot_bringup/share/ament_index/resource_index/package_run_dependencies/my_robot_bringup
[0.611s] -- Up-to-date symlink: /home/electronica/ros2_ws_v2/install/my_robot_bringup/share/ament_index/resource_index/parent_prefix_path/my_robot_bringup
[0.611s] -- Up-to-date symlink: /home/electronica/ros2_ws_v2/install/my_robot_bringup/share/my_robot_bringup/environment/ament_prefix_path.sh
[0.612s] -- Up-to-date symlink: /home/electronica/ros2_ws_v2/install/my_robot_bringup/share/my_robot_bringup/environment/ament_prefix_path.dsv
[0.612s] -- Up-to-date symlink: /home/electronica/ros2_ws_v2/install/my_robot_bringup/share/my_robot_bringup/environment/path.sh
[0.613s] -- Up-to-date symlink: /home/electronica/ros2_ws_v2/install/my_robot_bringup/share/my_robot_bringup/environment/path.dsv
[0.613s] -- Up-to-date symlink: /home/electronica/ros2_ws_v2/install/my_robot_bringup/share/my_robot_bringup/local_setup.bash
[0.613s] -- Up-to-date symlink: /home/electronica/ros2_ws_v2/install/my_robot_bringup/share/my_robot_bringup/local_setup.sh
[0.614s] -- Up-to-date symlink: /home/electronica/ros2_ws_v2/install/my_robot_bringup/share/my_robot_bringup/local_setup.zsh
[0.614s] -- Up-to-date symlink: /home/electronica/ros2_ws_v2/install/my_robot_bringup/share/my_robot_bringup/local_setup.dsv
[0.614s] -- Symlinking: /home/electronica/ros2_ws_v2/install/my_robot_bringup/share/my_robot_bringup/package.dsv
[0.628s] -- Up-to-date symlink: /home/electronica/ros2_ws_v2/install/my_robot_bringup/share/ament_index/resource_index/packages/my_robot_bringup
[0.629s] -- Up-to-date symlink: /home/electronica/ros2_ws_v2/install/my_robot_bringup/share/my_robot_bringup/cmake/my_robot_bringupConfig.cmake
[0.629s] -- Up-to-date symlink: /home/electronica/ros2_ws_v2/install/my_robot_bringup/share/my_robot_bringup/cmake/my_robot_bringupConfig-version.cmake
[0.629s] -- Up-to-date symlink: /home/electronica/ros2_ws_v2/install/my_robot_bringup/share/my_robot_bringup/package.xml
[0.632s] Invoked command in '/home/electronica/ros2_ws_v2/build/my_robot_bringup' returned '0': CMAKE_PREFIX_PATH=/home/electronica/ros2_ws_v2/install/my_robot_description:/home/electronica/ros2_ws_v2/install/my_robot_bringup:/home/electronica/ros2_ws/install/my_robot_bringup:/home/electronica/ros2_ws/install/my_cpp_pkg:/home/electronica/ros2_ws/install/my_robots_interfaces:/home/electronica/ros2_ws/install/turtlesim_catch_them_all:/home/electronica/ros2_ws/install/my_py_pkg:/opt/ros/humble /usr/bin/cmake --install /home/electronica/ros2_ws_v2/build/my_robot_bringup
