[0.165s] Invoking command in '/home/electronica/ros2_ws_v2/build/my_robot_bringup': CMAKE_PREFIX_PATH=/home/electronica/ros2_ws_v2/install/my_robot_description:/home/electronica/ros2_ws_v2/install/my_robot_bringup:/home/electronica/ros2_ws/install/my_robot_bringup:/home/electronica/ros2_ws/install/my_cpp_pkg:/home/electronica/ros2_ws/install/my_robots_interfaces:/home/electronica/ros2_ws/install/turtlesim_catch_them_all:/home/electronica/ros2_ws/install/my_py_pkg:/opt/ros/humble /usr/bin/cmake --build /home/electronica/ros2_ws_v2/build/my_robot_bringup -- -j8 -l8
[0.201s] -- Found ament_cmake: 1.3.5 (/opt/ros/humble/share/ament_cmake/cmake)
[0.409s] -- Override CMake install command with custom implementation using symlinks instead of copying resources
[0.527s] -- Configuring done
[0.533s] -- Generating done
[0.536s] -- Build files have been written to: /home/electronica/ros2_ws_v2/build/my_robot_bringup
[0.572s] Invoked command in '/home/electronica/ros2_ws_v2/build/my_robot_bringup' returned '0': CMAKE_PREFIX_PATH=/home/electronica/ros2_ws_v2/install/my_robot_description:/home/electronica/ros2_ws_v2/install/my_robot_bringup:/home/electronica/ros2_ws/install/my_robot_bringup:/home/electronica/ros2_ws/install/my_cpp_pkg:/home/electronica/ros2_ws/install/my_robots_interfaces:/home/electronica/ros2_ws/install/turtlesim_catch_them_all:/home/electronica/ros2_ws/install/my_py_pkg:/opt/ros/humble /usr/bin/cmake --build /home/electronica/ros2_ws_v2/build/my_robot_bringup -- -j8 -l8
[0.612s] Invoking command in '/home/electronica/ros2_ws_v2/build/my_robot_bringup': CMAKE_PREFIX_PATH=/home/electronica/ros2_ws_v2/install/my_robot_description:/home/electronica/ros2_ws_v2/install/my_robot_bringup:/home/electronica/ros2_ws/install/my_robot_bringup:/home/electronica/ros2_ws/install/my_cpp_pkg:/home/electronica/ros2_ws/install/my_robots_interfaces:/home/electronica/ros2_ws/install/turtlesim_catch_them_all:/home/electronica/ros2_ws/install/my_py_pkg:/opt/ros/humble /usr/bin/cmake --install /home/electronica/ros2_ws_v2/build/my_robot_bringup
[0.625s] -- Install configuration: ""
[0.626s] -- Execute custom install script
[0.627s] -- Up-to-date symlink: /home/electronica/ros2_ws_v2/install/my_robot_bringup/share/my_robot_bringup//launch/my_robot_gazebo.launch.xml
[0.628s] -- Symlinking: /home/electronica/ros2_ws_v2/install/my_robot_bringup/share/my_robot_bringup//rviz/urdf_config.rviz
[0.640s] -- Up-to-date symlink: /home/electronica/ros2_ws_v2/install/my_robot_bringup/share/ament_index/resource_index/package_run_dependencies/my_robot_bringup
[0.640s] -- Up-to-date symlink: /home/electronica/ros2_ws_v2/install/my_robot_bringup/share/ament_index/resource_index/parent_prefix_path/my_robot_bringup
[0.640s] -- Up-to-date symlink: /home/electronica/ros2_ws_v2/install/my_robot_bringup/share/my_robot_bringup/environment/ament_prefix_path.sh
[0.640s] -- Up-to-date symlink: /home/electronica/ros2_ws_v2/install/my_robot_bringup/share/my_robot_bringup/environment/ament_prefix_path.dsv
[0.641s] -- Up-to-date symlink: /home/electronica/ros2_ws_v2/install/my_robot_bringup/share/my_robot_bringup/environment/path.sh
[0.641s] -- Up-to-date symlink: /home/electronica/ros2_ws_v2/install/my_robot_bringup/share/my_robot_bringup/environment/path.dsv
[0.641s] -- Up-to-date symlink: /home/electronica/ros2_ws_v2/install/my_robot_bringup/share/my_robot_bringup/local_setup.bash
[0.642s] -- Up-to-date symlink: /home/electronica/ros2_ws_v2/install/my_robot_bringup/share/my_robot_bringup/local_setup.sh
[0.642s] -- Up-to-date symlink: /home/electronica/ros2_ws_v2/install/my_robot_bringup/share/my_robot_bringup/local_setup.zsh
[0.642s] -- Up-to-date symlink: /home/electronica/ros2_ws_v2/install/my_robot_bringup/share/my_robot_bringup/local_setup.dsv
[0.643s] -- Symlinking: /home/electronica/ros2_ws_v2/install/my_robot_bringup/share/my_robot_bringup/package.dsv
[0.654s] -- Up-to-date symlink: /home/electronica/ros2_ws_v2/install/my_robot_bringup/share/ament_index/resource_index/packages/my_robot_bringup
[0.655s] -- Up-to-date symlink: /home/electronica/ros2_ws_v2/install/my_robot_bringup/share/my_robot_bringup/cmake/my_robot_bringupConfig.cmake
[0.655s] -- Up-to-date symlink: /home/electronica/ros2_ws_v2/install/my_robot_bringup/share/my_robot_bringup/cmake/my_robot_bringupConfig-version.cmake
[0.655s] -- Up-to-date symlink: /home/electronica/ros2_ws_v2/install/my_robot_bringup/share/my_robot_bringup/package.xml
[0.659s] Invoked command in '/home/electronica/ros2_ws_v2/build/my_robot_bringup' returned '0': CMAKE_PREFIX_PATH=/home/electronica/ros2_ws_v2/install/my_robot_description:/home/electronica/ros2_ws_v2/install/my_robot_bringup:/home/electronica/ros2_ws/install/my_robot_bringup:/home/electronica/ros2_ws/install/my_cpp_pkg:/home/electronica/ros2_ws/install/my_robots_interfaces:/home/electronica/ros2_ws/install/turtlesim_catch_them_all:/home/electronica/ros2_ws/install/my_py_pkg:/opt/ros/humble /usr/bin/cmake --install /home/electronica/ros2_ws_v2/build/my_robot_bringup
