[0.210s] Invoking command in '/home/electronica/ros2_ws_v2/build/my_robot_description': CMAKE_PREFIX_PATH=${CMAKE_PREFIX_PATH}:/home/electronica/ros2_ws/install/turtlesim_catch_them_all:/home/electronica/ros2_ws/install/my_py_pkg:/opt/ros/humble /usr/bin/cmake --build /home/electronica/ros2_ws_v2/build/my_robot_description -- -j8 -l8
[0.450s] Invoked command in '/home/electronica/ros2_ws_v2/build/my_robot_description' returned '0': CMAKE_PREFIX_PATH=${CMAKE_PREFIX_PATH}:/home/electronica/ros2_ws/install/turtlesim_catch_them_all:/home/electronica/ros2_ws/install/my_py_pkg:/opt/ros/humble /usr/bin/cmake --build /home/electronica/ros2_ws_v2/build/my_robot_description -- -j8 -l8
[0.500s] Invoking command in '/home/electronica/ros2_ws_v2/build/my_robot_description': CMAKE_PREFIX_PATH=${CMAKE_PREFIX_PATH}:/home/electronica/ros2_ws/install/turtlesim_catch_them_all:/home/electronica/ros2_ws/install/my_py_pkg:/opt/ros/humble /usr/bin/cmake --install /home/electronica/ros2_ws_v2/build/my_robot_description
[0.520s] -- Install configuration: ""
[0.530s] -- Execute custom install script
[0.536s] -- Up-to-date symlink: /home/electronica/ros2_ws_v2/install/my_robot_description/share/my_robot_description//urdf/common_properties.xacro
[0.537s] -- Up-to-date symlink: /home/electronica/ros2_ws_v2/install/my_robot_description/share/my_robot_description//urdf/mobile_base.xacro
[0.537s] -- Up-to-date symlink: /home/electronica/ros2_ws_v2/install/my_robot_description/share/my_robot_description//urdf/mobile_base_gazebo.xacro
[0.537s] -- Up-to-date symlink: /home/electronica/ros2_ws_v2/install/my_robot_description/share/my_robot_description//urdf/my_robot.urdf.xacro
[0.538s] -- Up-to-date symlink: /home/electronica/ros2_ws_v2/install/my_robot_description/share/my_robot_description//launch/display.launch.py
[0.538s] -- Up-to-date symlink: /home/electronica/ros2_ws_v2/install/my_robot_description/share/my_robot_description//launch/display.launch.xml
[0.558s] -- Up-to-date symlink: /home/electronica/ros2_ws_v2/install/my_robot_description/share/my_robot_description//rviz/urdf_config.rviz
[0.558s] -- Up-to-date symlink: /home/electronica/ros2_ws_v2/install/my_robot_description/share/ament_index/resource_index/package_run_dependencies/my_robot_description
[0.559s] -- Up-to-date symlink: /home/electronica/ros2_ws_v2/install/my_robot_description/share/ament_index/resource_index/parent_prefix_path/my_robot_description
[0.560s] -- Up-to-date symlink: /home/electronica/ros2_ws_v2/install/my_robot_description/share/my_robot_description/environment/ament_prefix_path.sh
[0.560s] -- Up-to-date symlink: /home/electronica/ros2_ws_v2/install/my_robot_description/share/my_robot_description/environment/ament_prefix_path.dsv
[0.561s] -- Up-to-date symlink: /home/electronica/ros2_ws_v2/install/my_robot_description/share/my_robot_description/environment/path.sh
[0.561s] -- Up-to-date symlink: /home/electronica/ros2_ws_v2/install/my_robot_description/share/my_robot_description/environment/path.dsv
[0.561s] -- Up-to-date symlink: /home/electronica/ros2_ws_v2/install/my_robot_description/share/my_robot_description/local_setup.bash
[0.562s] -- Up-to-date symlink: /home/electronica/ros2_ws_v2/install/my_robot_description/share/my_robot_description/local_setup.sh
[0.563s] -- Up-to-date symlink: /home/electronica/ros2_ws_v2/install/my_robot_description/share/my_robot_description/local_setup.zsh
[0.563s] -- Up-to-date symlink: /home/electronica/ros2_ws_v2/install/my_robot_description/share/my_robot_description/local_setup.dsv
[0.563s] -- Symlinking: /home/electronica/ros2_ws_v2/install/my_robot_description/share/my_robot_description/package.dsv
[0.579s] -- Up-to-date symlink: /home/electronica/ros2_ws_v2/install/my_robot_description/share/ament_index/resource_index/packages/my_robot_description
[0.580s] -- Up-to-date symlink: /home/electronica/ros2_ws_v2/install/my_robot_description/share/my_robot_description/cmake/my_robot_descriptionConfig.cmake
[0.581s] -- Up-to-date symlink: /home/electronica/ros2_ws_v2/install/my_robot_description/share/my_robot_description/cmake/my_robot_descriptionConfig-version.cmake
[0.581s] -- Up-to-date symlink: /home/electronica/ros2_ws_v2/install/my_robot_description/share/my_robot_description/package.xml
[0.584s] Invoked command in '/home/electronica/ros2_ws_v2/build/my_robot_description' returned '0': CMAKE_PREFIX_PATH=${CMAKE_PREFIX_PATH}:/home/electronica/ros2_ws/install/turtlesim_catch_them_all:/home/electronica/ros2_ws/install/my_py_pkg:/opt/ros/humble /usr/bin/cmake --install /home/electronica/ros2_ws_v2/build/my_robot_description
