[0.356s] Invoking command in '/home/electronica/ros2_ws_v2/build/my_robot_bringup': CMAKE_PREFIX_PATH=${CMAKE_PREFIX_PATH}:/home/electronica/ros2_ws/install/turtlesim_catch_them_all:/home/electronica/ros2_ws/install/my_py_pkg:/opt/ros/humble /usr/bin/cmake /home/electronica/ros2_ws_v2/src/my_robot_bringup -DCMAKE_INSTALL_PREFIX=/home/electronica/ros2_ws_v2/install/my_robot_bringup
[0.596s] -- Found ament_cmake: 1.3.5 (/opt/ros/humble/share/ament_cmake/cmake)
[0.863s] -- Override CMake install command with custom implementation using symlinks instead of copying resources
[1.004s] -- Configuring done
[1.046s] -- Generating done
[1.049s] -- Build files have been written to: /home/electronica/ros2_ws_v2/build/my_robot_bringup
[1.056s] Invoked command in '/home/electronica/ros2_ws_v2/build/my_robot_bringup' returned '0': CMAKE_PREFIX_PATH=${CMAKE_PREFIX_PATH}:/home/electronica/ros2_ws/install/turtlesim_catch_them_all:/home/electronica/ros2_ws/install/my_py_pkg:/opt/ros/humble /usr/bin/cmake /home/electronica/ros2_ws_v2/src/my_robot_bringup -DCMAKE_INSTALL_PREFIX=/home/electronica/ros2_ws_v2/install/my_robot_bringup
[1.059s] Invoking command in '/home/electronica/ros2_ws_v2/build/my_robot_bringup': CMAKE_PREFIX_PATH=${CMAKE_PREFIX_PATH}:/home/electronica/ros2_ws/install/turtlesim_catch_them_all:/home/electronica/ros2_ws/install/my_py_pkg:/opt/ros/humble /usr/bin/cmake --build /home/electronica/ros2_ws_v2/build/my_robot_bringup -- -j8 -l8
[1.130s] Invoked command in '/home/electronica/ros2_ws_v2/build/my_robot_bringup' returned '0': CMAKE_PREFIX_PATH=${CMAKE_PREFIX_PATH}:/home/electronica/ros2_ws/install/turtlesim_catch_them_all:/home/electronica/ros2_ws/install/my_py_pkg:/opt/ros/humble /usr/bin/cmake --build /home/electronica/ros2_ws_v2/build/my_robot_bringup -- -j8 -l8
[1.177s] Invoking command in '/home/electronica/ros2_ws_v2/build/my_robot_bringup': CMAKE_PREFIX_PATH=${CMAKE_PREFIX_PATH}:/home/electronica/ros2_ws/install/turtlesim_catch_them_all:/home/electronica/ros2_ws/install/my_py_pkg:/opt/ros/humble /usr/bin/cmake --install /home/electronica/ros2_ws_v2/build/my_robot_bringup
[1.188s] -- Install configuration: ""
[1.188s] -- Execute custom install script
[1.189s] -- Up-to-date symlink: /home/electronica/ros2_ws_v2/install/my_robot_bringup/share/my_robot_bringup/launch/my_robot_gazebo.launch.xml
[1.189s] -- Up-to-date symlink: /home/electronica/ros2_ws_v2/install/my_robot_bringup/share/ament_index/resource_index/package_run_dependencies/my_robot_bringup
[1.189s] -- Up-to-date symlink: /home/electronica/ros2_ws_v2/install/my_robot_bringup/share/ament_index/resource_index/parent_prefix_path/my_robot_bringup
[1.190s] -- Up-to-date symlink: /home/electronica/ros2_ws_v2/install/my_robot_bringup/share/my_robot_bringup/environment/ament_prefix_path.sh
[1.190s] -- Up-to-date symlink: /home/electronica/ros2_ws_v2/install/my_robot_bringup/share/my_robot_bringup/environment/ament_prefix_path.dsv
[1.190s] -- Up-to-date symlink: /home/electronica/ros2_ws_v2/install/my_robot_bringup/share/my_robot_bringup/environment/path.sh
[1.190s] -- Up-to-date symlink: /home/electronica/ros2_ws_v2/install/my_robot_bringup/share/my_robot_bringup/environment/path.dsv
[1.191s] -- Up-to-date symlink: /home/electronica/ros2_ws_v2/install/my_robot_bringup/share/my_robot_bringup/local_setup.bash
[1.191s] -- Up-to-date symlink: /home/electronica/ros2_ws_v2/install/my_robot_bringup/share/my_robot_bringup/local_setup.sh
[1.191s] -- Up-to-date symlink: /home/electronica/ros2_ws_v2/install/my_robot_bringup/share/my_robot_bringup/local_setup.zsh
[1.191s] -- Up-to-date symlink: /home/electronica/ros2_ws_v2/install/my_robot_bringup/share/my_robot_bringup/local_setup.dsv
[1.192s] -- Symlinking: /home/electronica/ros2_ws_v2/install/my_robot_bringup/share/my_robot_bringup/package.dsv
[1.204s] -- Up-to-date symlink: /home/electronica/ros2_ws_v2/install/my_robot_bringup/share/ament_index/resource_index/packages/my_robot_bringup
[1.204s] -- Up-to-date symlink: /home/electronica/ros2_ws_v2/install/my_robot_bringup/share/my_robot_bringup/cmake/my_robot_bringupConfig.cmake
[1.204s] -- Up-to-date symlink: /home/electronica/ros2_ws_v2/install/my_robot_bringup/share/my_robot_bringup/cmake/my_robot_bringupConfig-version.cmake
[1.205s] -- Up-to-date symlink: /home/electronica/ros2_ws_v2/install/my_robot_bringup/share/my_robot_bringup/package.xml
[1.208s] Invoked command in '/home/electronica/ros2_ws_v2/build/my_robot_bringup' returned '0': CMAKE_PREFIX_PATH=${CMAKE_PREFIX_PATH}:/home/electronica/ros2_ws/install/turtlesim_catch_them_all:/home/electronica/ros2_ws/install/my_py_pkg:/opt/ros/humble /usr/bin/cmake --install /home/electronica/ros2_ws_v2/build/my_robot_bringup
