[0.323s] Invoking command in '/home/electronica/ros2_ws_v2/build/my_robot_bringup': CMAKE_PREFIX_PATH=${CMAKE_PREFIX_PATH}:/home/electronica/ros2_ws/install/turtlesim_catch_them_all:/home/electronica/ros2_ws/install/my_py_pkg:/opt/ros/humble /usr/bin/cmake /home/electronica/ros2_ws_v2/src/my_robot_bringup -DAMENT_CMAKE_SYMLINK_INSTALL=1 -DCMAKE_INSTALL_PREFIX=/home/electronica/ros2_ws_v2/install/my_robot_bringup
[0.353s] -- Found ament_cmake: 1.3.5 (/opt/ros/humble/share/ament_cmake/cmake)
[0.566s] -- Override CMake install command with custom implementation using symlinks instead of copying resources
[0.688s] -- Configuring done
[0.691s] -- Generating done
[0.715s] -- Build files have been written to: /home/electronica/ros2_ws_v2/build/my_robot_bringup
[0.721s] Invoked command in '/home/electronica/ros2_ws_v2/build/my_robot_bringup' returned '0': CMAKE_PREFIX_PATH=${CMAKE_PREFIX_PATH}:/home/electronica/ros2_ws/install/turtlesim_catch_them_all:/home/electronica/ros2_ws/install/my_py_pkg:/opt/ros/humble /usr/bin/cmake /home/electronica/ros2_ws_v2/src/my_robot_bringup -DAMENT_CMAKE_SYMLINK_INSTALL=1 -DCMAKE_INSTALL_PREFIX=/home/electronica/ros2_ws_v2/install/my_robot_bringup
[0.722s] Invoking command in '/home/electronica/ros2_ws_v2/build/my_robot_bringup': CMAKE_PREFIX_PATH=${CMAKE_PREFIX_PATH}:/home/electronica/ros2_ws/install/turtlesim_catch_them_all:/home/electronica/ros2_ws/install/my_py_pkg:/opt/ros/humble /usr/bin/cmake --build /home/electronica/ros2_ws_v2/build/my_robot_bringup -- -j8 -l8
[0.776s] Invoked command in '/home/electronica/ros2_ws_v2/build/my_robot_bringup' returned '0': CMAKE_PREFIX_PATH=${CMAKE_PREFIX_PATH}:/home/electronica/ros2_ws/install/turtlesim_catch_them_all:/home/electronica/ros2_ws/install/my_py_pkg:/opt/ros/humble /usr/bin/cmake --build /home/electronica/ros2_ws_v2/build/my_robot_bringup -- -j8 -l8
[0.822s] Invoking command in '/home/electronica/ros2_ws_v2/build/my_robot_bringup': CMAKE_PREFIX_PATH=${CMAKE_PREFIX_PATH}:/home/electronica/ros2_ws/install/turtlesim_catch_them_all:/home/electronica/ros2_ws/install/my_py_pkg:/opt/ros/humble /usr/bin/cmake --install /home/electronica/ros2_ws_v2/build/my_robot_bringup
[0.836s] -- Install configuration: ""
[0.837s] -- Execute custom install script
[0.837s] -- Symlinking: /home/electronica/ros2_ws_v2/install/my_robot_bringup/share/my_robot_bringup/launch/my_robot_gazebo.launch.xml
[0.850s] -- Symlinking: /home/electronica/ros2_ws_v2/install/my_robot_bringup/share/ament_index/resource_index/package_run_dependencies/my_robot_bringup
[0.863s] -- Symlinking: /home/electronica/ros2_ws_v2/install/my_robot_bringup/share/ament_index/resource_index/parent_prefix_path/my_robot_bringup
[0.875s] -- Symlinking: /home/electronica/ros2_ws_v2/install/my_robot_bringup/share/my_robot_bringup/environment/ament_prefix_path.sh
[0.889s] -- Symlinking: /home/electronica/ros2_ws_v2/install/my_robot_bringup/share/my_robot_bringup/environment/ament_prefix_path.dsv
[0.899s] -- Symlinking: /home/electronica/ros2_ws_v2/install/my_robot_bringup/share/my_robot_bringup/environment/path.sh
[0.913s] -- Symlinking: /home/electronica/ros2_ws_v2/install/my_robot_bringup/share/my_robot_bringup/environment/path.dsv
[0.927s] -- Symlinking: /home/electronica/ros2_ws_v2/install/my_robot_bringup/share/my_robot_bringup/local_setup.bash
[0.939s] -- Symlinking: /home/electronica/ros2_ws_v2/install/my_robot_bringup/share/my_robot_bringup/local_setup.sh
[0.951s] -- Symlinking: /home/electronica/ros2_ws_v2/install/my_robot_bringup/share/my_robot_bringup/local_setup.zsh
[0.962s] -- Symlinking: /home/electronica/ros2_ws_v2/install/my_robot_bringup/share/my_robot_bringup/local_setup.dsv
[0.974s] -- Symlinking: /home/electronica/ros2_ws_v2/install/my_robot_bringup/share/my_robot_bringup/package.dsv
[0.986s] -- Symlinking: /home/electronica/ros2_ws_v2/install/my_robot_bringup/share/ament_index/resource_index/packages/my_robot_bringup
[0.998s] -- Symlinking: /home/electronica/ros2_ws_v2/install/my_robot_bringup/share/my_robot_bringup/cmake/my_robot_bringupConfig.cmake
[1.009s] -- Symlinking: /home/electronica/ros2_ws_v2/install/my_robot_bringup/share/my_robot_bringup/cmake/my_robot_bringupConfig-version.cmake
[1.021s] -- Symlinking: /home/electronica/ros2_ws_v2/install/my_robot_bringup/share/my_robot_bringup/package.xml
[1.036s] Invoked command in '/home/electronica/ros2_ws_v2/build/my_robot_bringup' returned '0': CMAKE_PREFIX_PATH=${CMAKE_PREFIX_PATH}:/home/electronica/ros2_ws/install/turtlesim_catch_them_all:/home/electronica/ros2_ws/install/my_py_pkg:/opt/ros/humble /usr/bin/cmake --install /home/electronica/ros2_ws_v2/build/my_robot_bringup
