[0.223s] Invoking command in '/home/electronica/ros2_ws_v2/build/my_robot_description': CMAKE_PREFIX_PATH=${CMAKE_PREFIX_PATH}:/home/electronica/ros2_ws/install/turtlesim_catch_them_all:/home/electronica/ros2_ws/install/my_py_pkg:/opt/ros/humble /usr/bin/cmake --build /home/electronica/ros2_ws_v2/build/my_robot_description -- -j8 -l8
[0.442s] Invoked command in '/home/electronica/ros2_ws_v2/build/my_robot_description' returned '0': CMAKE_PREFIX_PATH=${CMAKE_PREFIX_PATH}:/home/electronica/ros2_ws/install/turtlesim_catch_them_all:/home/electronica/ros2_ws/install/my_py_pkg:/opt/ros/humble /usr/bin/cmake --build /home/electronica/ros2_ws_v2/build/my_robot_description -- -j8 -l8
[0.494s] Invoking command in '/home/electronica/ros2_ws_v2/build/my_robot_description': CMAKE_PREFIX_PATH=${CMAKE_PREFIX_PATH}:/home/electronica/ros2_ws/install/turtlesim_catch_them_all:/home/electronica/ros2_ws/install/my_py_pkg:/opt/ros/humble /usr/bin/cmake --install /home/electronica/ros2_ws_v2/build/my_robot_description
[0.509s] -- Install configuration: ""
[0.520s] -- Execute custom install script
[0.526s] -- Symlinking: /home/electronica/ros2_ws_v2/install/my_robot_description/share/my_robot_description//urdf/camera.xacro
[0.542s] -- Up-to-date symlink: /home/electronica/ros2_ws_v2/install/my_robot_description/share/my_robot_description//urdf/common_properties.xacro
[0.542s] -- Up-to-date symlink: /home/electronica/ros2_ws_v2/install/my_robot_description/share/my_robot_description//urdf/mobile_base.xacro
[0.543s] -- Up-to-date symlink: /home/electronica/ros2_ws_v2/install/my_robot_description/share/my_robot_description//urdf/mobile_base_gazebo.xacro
[0.543s] -- Up-to-date symlink: /home/electronica/ros2_ws_v2/install/my_robot_description/share/my_robot_description//urdf/my_robot.urdf.xacro
[0.543s] -- Up-to-date symlink: /home/electronica/ros2_ws_v2/install/my_robot_description/share/my_robot_description//launch/display.launch.py
[0.543s] -- Up-to-date symlink: /home/electronica/ros2_ws_v2/install/my_robot_description/share/my_robot_description//launch/display.launch.xml
[0.543s] -- Up-to-date symlink: /home/electronica/ros2_ws_v2/install/my_robot_description/share/my_robot_description//rviz/urdf_config.rviz
[0.544s] -- Up-to-date symlink: /home/electronica/ros2_ws_v2/install/my_robot_description/share/ament_index/resource_index/package_run_dependencies/my_robot_description
[0.545s] -- Up-to-date symlink: /home/electronica/ros2_ws_v2/install/my_robot_description/share/ament_index/resource_index/parent_prefix_path/my_robot_description
[0.545s] -- Up-to-date symlink: /home/electronica/ros2_ws_v2/install/my_robot_description/share/my_robot_description/environment/ament_prefix_path.sh
[0.545s] -- Up-to-date symlink: /home/electronica/ros2_ws_v2/install/my_robot_description/share/my_robot_description/environment/ament_prefix_path.dsv
[0.546s] -- Up-to-date symlink: /home/electronica/ros2_ws_v2/install/my_robot_description/share/my_robot_description/environment/path.sh
[0.546s] -- Up-to-date symlink: /home/electronica/ros2_ws_v2/install/my_robot_description/share/my_robot_description/environment/path.dsv
[0.546s] -- Up-to-date symlink: /home/electronica/ros2_ws_v2/install/my_robot_description/share/my_robot_description/local_setup.bash
[0.546s] -- Up-to-date symlink: /home/electronica/ros2_ws_v2/install/my_robot_description/share/my_robot_description/local_setup.sh
[0.546s] -- Up-to-date symlink: /home/electronica/ros2_ws_v2/install/my_robot_description/share/my_robot_description/local_setup.zsh
[0.547s] -- Up-to-date symlink: /home/electronica/ros2_ws_v2/install/my_robot_description/share/my_robot_description/local_setup.dsv
[0.547s] -- Symlinking: /home/electronica/ros2_ws_v2/install/my_robot_description/share/my_robot_description/package.dsv
[0.564s] -- Up-to-date symlink: /home/electronica/ros2_ws_v2/install/my_robot_description/share/ament_index/resource_index/packages/my_robot_description
[0.564s] -- Up-to-date symlink: /home/electronica/ros2_ws_v2/install/my_robot_description/share/my_robot_description/cmake/my_robot_descriptionConfig.cmake
[0.564s] -- Up-to-date symlink: /home/electronica/ros2_ws_v2/install/my_robot_description/share/my_robot_description/cmake/my_robot_descriptionConfig-version.cmake
[0.564s] -- Up-to-date symlink: /home/electronica/ros2_ws_v2/install/my_robot_description/share/my_robot_description/package.xml
[0.567s] Invoked command in '/home/electronica/ros2_ws_v2/build/my_robot_description' returned '0': CMAKE_PREFIX_PATH=${CMAKE_PREFIX_PATH}:/home/electronica/ros2_ws/install/turtlesim_catch_them_all:/home/electronica/ros2_ws/install/my_py_pkg:/opt/ros/humble /usr/bin/cmake --install /home/electronica/ros2_ws_v2/build/my_robot_description
