[1.977s] DEBUG:colcon:Command line arguments: ['/usr/bin/colcon', 'build', '--symlink-install']
[1.977s] DEBUG:colcon:Parsed command line arguments: Namespace(log_base=None, log_level=None, verb_name='build', build_base='build', install_base='install', merge_install=False, symlink_install=True, test_result_base=None, continue_on_error=False, executor='parallel', parallel_workers=8, event_handlers=None, ignore_user_meta=False, metas=['./colcon.meta'], base_paths=['.'], packages_ignore=None, packages_ignore_regex=None, paths=None, packages_up_to=None, packages_up_to_regex=None, packages_above=None, packages_above_and_dependencies=None, packages_above_depth=None, packages_select_by_dep=None, packages_skip_by_dep=None, packages_skip_up_to=None, packages_select_build_failed=False, packages_skip_build_finished=False, packages_select_test_failures=False, packages_skip_test_passed=False, packages_select=None, packages_skip=None, packages_select_regex=None, packages_skip_regex=None, packages_start=None, packages_end=None, allow_overriding=[], cmake_args=None, cmake_target=None, cmake_target_skip_unavailable=False, cmake_clean_cache=False, cmake_clean_first=False, cmake_force_configure=False, ament_cmake_args=None, catkin_cmake_args=None, catkin_skip_building_tests=False, verb_parser=<colcon_defaults.argument_parser.defaults.DefaultArgumentsDecorator object at 0x7fe3f65a9030>, verb_extension=<colcon_core.verb.build.BuildVerb object at 0x7fe3f6584fd0>, main=<bound method BuildVerb.main of <colcon_core.verb.build.BuildVerb object at 0x7fe3f6584fd0>>)
[2.061s] Level 1:colcon.colcon_core.package_discovery:discover_packages(colcon_meta) check parameters
[2.061s] Level 1:colcon.colcon_core.package_discovery:discover_packages(recursive) check parameters
[2.061s] Level 1:colcon.colcon_core.package_discovery:discover_packages(ignore) check parameters
[2.061s] Level 1:colcon.colcon_core.package_discovery:discover_packages(path) check parameters
[2.061s] Level 1:colcon.colcon_core.package_discovery:discover_packages(colcon_meta) discover
[2.061s] Level 1:colcon.colcon_core.package_discovery:discover_packages(recursive) discover
[2.061s] INFO:colcon.colcon_core.package_discovery:Crawling recursively for packages in '/home/electronica/ros2_ws_v2'
[2.061s] Level 1:colcon.colcon_core.package_identification:_identify(.) by extensions ['ignore', 'ignore_ament_install']
[2.062s] Level 1:colcon.colcon_core.package_identification:_identify(.) by extension 'ignore'
[2.062s] Level 1:colcon.colcon_core.package_identification:_identify(.) by extension 'ignore_ament_install'
[2.062s] Level 1:colcon.colcon_core.package_identification:_identify(.) by extensions ['colcon_pkg']
[2.062s] Level 1:colcon.colcon_core.package_identification:_identify(.) by extension 'colcon_pkg'
[2.062s] Level 1:colcon.colcon_core.package_identification:_identify(.) by extensions ['colcon_meta']
[2.062s] Level 1:colcon.colcon_core.package_identification:_identify(.) by extension 'colcon_meta'
[2.062s] Level 1:colcon.colcon_core.package_identification:_identify(.) by extensions ['ros']
[2.062s] Level 1:colcon.colcon_core.package_identification:_identify(.) by extension 'ros'
[2.078s] Level 1:colcon.colcon_core.package_identification:_identify(.) by extensions ['cmake', 'python']
[2.078s] Level 1:colcon.colcon_core.package_identification:_identify(.) by extension 'cmake'
[2.078s] Level 1:colcon.colcon_core.package_identification:_identify(.) by extension 'python'
[2.078s] Level 1:colcon.colcon_core.package_identification:_identify(.) by extensions ['python_setup_py']
[2.078s] Level 1:colcon.colcon_core.package_identification:_identify(.) by extension 'python_setup_py'
[2.078s] Level 1:colcon.colcon_core.package_identification:_identify(build) by extensions ['ignore', 'ignore_ament_install']
[2.079s] Level 1:colcon.colcon_core.package_identification:_identify(build) by extension 'ignore'
[2.079s] Level 1:colcon.colcon_core.package_identification:_identify(build) ignored
[2.079s] Level 1:colcon.colcon_core.package_identification:_identify(install) by extensions ['ignore', 'ignore_ament_install']
[2.079s] Level 1:colcon.colcon_core.package_identification:_identify(install) by extension 'ignore'
[2.079s] Level 1:colcon.colcon_core.package_identification:_identify(install) ignored
[2.079s] Level 1:colcon.colcon_core.package_identification:_identify(log) by extensions ['ignore', 'ignore_ament_install']
[2.079s] Level 1:colcon.colcon_core.package_identification:_identify(log) by extension 'ignore'
[2.079s] Level 1:colcon.colcon_core.package_identification:_identify(log) ignored
[2.080s] Level 1:colcon.colcon_core.package_identification:_identify(src) by extensions ['ignore', 'ignore_ament_install']
[2.080s] Level 1:colcon.colcon_core.package_identification:_identify(src) by extension 'ignore'
[2.080s] Level 1:colcon.colcon_core.package_identification:_identify(src) by extension 'ignore_ament_install'
[2.080s] Level 1:colcon.colcon_core.package_identification:_identify(src) by extensions ['colcon_pkg']
[2.080s] Level 1:colcon.colcon_core.package_identification:_identify(src) by extension 'colcon_pkg'
[2.080s] Level 1:colcon.colcon_core.package_identification:_identify(src) by extensions ['colcon_meta']
[2.080s] Level 1:colcon.colcon_core.package_identification:_identify(src) by extension 'colcon_meta'
[2.080s] Level 1:colcon.colcon_core.package_identification:_identify(src) by extensions ['ros']
[2.080s] Level 1:colcon.colcon_core.package_identification:_identify(src) by extension 'ros'
[2.080s] Level 1:colcon.colcon_core.package_identification:_identify(src) by extensions ['cmake', 'python']
[2.081s] Level 1:colcon.colcon_core.package_identification:_identify(src) by extension 'cmake'
[2.081s] Level 1:colcon.colcon_core.package_identification:_identify(src) by extension 'python'
[2.081s] Level 1:colcon.colcon_core.package_identification:_identify(src) by extensions ['python_setup_py']
[2.081s] Level 1:colcon.colcon_core.package_identification:_identify(src) by extension 'python_setup_py'
[2.081s] Level 1:colcon.colcon_core.package_identification:_identify(src/my_robot_bringup) by extensions ['ignore', 'ignore_ament_install']
[2.081s] Level 1:colcon.colcon_core.package_identification:_identify(src/my_robot_bringup) by extension 'ignore'
[2.081s] Level 1:colcon.colcon_core.package_identification:_identify(src/my_robot_bringup) by extension 'ignore_ament_install'
[2.081s] Level 1:colcon.colcon_core.package_identification:_identify(src/my_robot_bringup) by extensions ['colcon_pkg']
[2.081s] Level 1:colcon.colcon_core.package_identification:_identify(src/my_robot_bringup) by extension 'colcon_pkg'
[2.081s] Level 1:colcon.colcon_core.package_identification:_identify(src/my_robot_bringup) by extensions ['colcon_meta']
[2.081s] Level 1:colcon.colcon_core.package_identification:_identify(src/my_robot_bringup) by extension 'colcon_meta'
[2.082s] Level 1:colcon.colcon_core.package_identification:_identify(src/my_robot_bringup) by extensions ['ros']
[2.082s] Level 1:colcon.colcon_core.package_identification:_identify(src/my_robot_bringup) by extension 'ros'
[2.085s] DEBUG:colcon.colcon_core.package_identification:Package 'src/my_robot_bringup' with type 'ros.ament_cmake' and name 'my_robot_bringup'
[2.085s] Level 1:colcon.colcon_core.package_identification:_identify(src/my_robot_description) by extensions ['ignore', 'ignore_ament_install']
[2.085s] Level 1:colcon.colcon_core.package_identification:_identify(src/my_robot_description) by extension 'ignore'
[2.085s] Level 1:colcon.colcon_core.package_identification:_identify(src/my_robot_description) by extension 'ignore_ament_install'
[2.085s] Level 1:colcon.colcon_core.package_identification:_identify(src/my_robot_description) by extensions ['colcon_pkg']
[2.085s] Level 1:colcon.colcon_core.package_identification:_identify(src/my_robot_description) by extension 'colcon_pkg'
[2.085s] Level 1:colcon.colcon_core.package_identification:_identify(src/my_robot_description) by extensions ['colcon_meta']
[2.085s] Level 1:colcon.colcon_core.package_identification:_identify(src/my_robot_description) by extension 'colcon_meta'
[2.085s] Level 1:colcon.colcon_core.package_identification:_identify(src/my_robot_description) by extensions ['ros']
[2.085s] Level 1:colcon.colcon_core.package_identification:_identify(src/my_robot_description) by extension 'ros'
[2.086s] DEBUG:colcon.colcon_core.package_identification:Package 'src/my_robot_description' with type 'ros.ament_cmake' and name 'my_robot_description'
[2.086s] Level 1:colcon.colcon_core.package_discovery:discover_packages(recursive) using defaults
[2.086s] Level 1:colcon.colcon_core.package_discovery:discover_packages(ignore) discover
[2.086s] Level 1:colcon.colcon_core.package_discovery:discover_packages(ignore) using defaults
[2.086s] Level 1:colcon.colcon_core.package_discovery:discover_packages(path) discover
[2.086s] Level 1:colcon.colcon_core.package_discovery:discover_packages(path) using defaults
[2.260s] Level 1:colcon.colcon_core.package_discovery:discover_packages(prefix_path) check parameters
[2.260s] Level 1:colcon.colcon_core.package_discovery:discover_packages(prefix_path) discover
[2.323s] DEBUG:colcon.colcon_installed_package_information.package_discovery:Found 2 installed packages in /home/electronica/ros2_ws_v2/install
[2.366s] DEBUG:colcon.colcon_installed_package_information.package_discovery:Found 5 installed packages in /home/electronica/ros2_ws/install
[2.398s] DEBUG:colcon.colcon_installed_package_information.package_discovery:Found 327 installed packages in /opt/ros/humble
[2.401s] Level 1:colcon.colcon_core.package_discovery:discover_packages(prefix_path) using defaults
[2.579s] Level 5:colcon.colcon_core.verb:set package 'my_robot_description' build argument 'cmake_args' from command line to 'None'
[2.579s] Level 5:colcon.colcon_core.verb:set package 'my_robot_description' build argument 'cmake_target' from command line to 'None'
[2.579s] Level 5:colcon.colcon_core.verb:set package 'my_robot_description' build argument 'cmake_target_skip_unavailable' from command line to 'False'
[2.579s] Level 5:colcon.colcon_core.verb:set package 'my_robot_description' build argument 'cmake_clean_cache' from command line to 'False'
[2.579s] Level 5:colcon.colcon_core.verb:set package 'my_robot_description' build argument 'cmake_clean_first' from command line to 'False'
[2.579s] Level 5:colcon.colcon_core.verb:set package 'my_robot_description' build argument 'cmake_force_configure' from command line to 'False'
[2.580s] Level 5:colcon.colcon_core.verb:set package 'my_robot_description' build argument 'ament_cmake_args' from command line to 'None'
[2.580s] Level 5:colcon.colcon_core.verb:set package 'my_robot_description' build argument 'catkin_cmake_args' from command line to 'None'
[2.580s] Level 5:colcon.colcon_core.verb:set package 'my_robot_description' build argument 'catkin_skip_building_tests' from command line to 'False'
[2.580s] DEBUG:colcon.colcon_core.verb:Building package 'my_robot_description' with the following arguments: {'ament_cmake_args': None, 'build_base': '/home/electronica/ros2_ws_v2/build/my_robot_description', 'catkin_cmake_args': None, 'catkin_skip_building_tests': False, 'cmake_args': None, 'cmake_clean_cache': False, 'cmake_clean_first': False, 'cmake_force_configure': False, 'cmake_target': None, 'cmake_target_skip_unavailable': False, 'install_base': '/home/electronica/ros2_ws_v2/install/my_robot_description', 'merge_install': False, 'path': '/home/electronica/ros2_ws_v2/src/my_robot_description', 'symlink_install': True, 'test_result_base': None}
[2.610s] Level 5:colcon.colcon_core.verb:set package 'my_robot_bringup' build argument 'cmake_args' from command line to 'None'
[2.610s] Level 5:colcon.colcon_core.verb:set package 'my_robot_bringup' build argument 'cmake_target' from command line to 'None'
[2.610s] Level 5:colcon.colcon_core.verb:set package 'my_robot_bringup' build argument 'cmake_target_skip_unavailable' from command line to 'False'
[2.610s] Level 5:colcon.colcon_core.verb:set package 'my_robot_bringup' build argument 'cmake_clean_cache' from command line to 'False'
[2.610s] Level 5:colcon.colcon_core.verb:set package 'my_robot_bringup' build argument 'cmake_clean_first' from command line to 'False'
[2.610s] Level 5:colcon.colcon_core.verb:set package 'my_robot_bringup' build argument 'cmake_force_configure' from command line to 'False'
[2.610s] Level 5:colcon.colcon_core.verb:set package 'my_robot_bringup' build argument 'ament_cmake_args' from command line to 'None'
[2.610s] Level 5:colcon.colcon_core.verb:set package 'my_robot_bringup' build argument 'catkin_cmake_args' from command line to 'None'
[2.610s] Level 5:colcon.colcon_core.verb:set package 'my_robot_bringup' build argument 'catkin_skip_building_tests' from command line to 'False'
[2.610s] DEBUG:colcon.colcon_core.verb:Building package 'my_robot_bringup' with the following arguments: {'ament_cmake_args': None, 'build_base': '/home/electronica/ros2_ws_v2/build/my_robot_bringup', 'catkin_cmake_args': None, 'catkin_skip_building_tests': False, 'cmake_args': None, 'cmake_clean_cache': False, 'cmake_clean_first': False, 'cmake_force_configure': False, 'cmake_target': None, 'cmake_target_skip_unavailable': False, 'install_base': '/home/electronica/ros2_ws_v2/install/my_robot_bringup', 'merge_install': False, 'path': '/home/electronica/ros2_ws_v2/src/my_robot_bringup', 'symlink_install': True, 'test_result_base': None}
[2.639s] INFO:colcon.colcon_core.executor:Executing jobs using 'parallel' executor
[2.670s] DEBUG:colcon.colcon_parallel_executor.executor.parallel:run_until_complete
[2.671s] INFO:colcon.colcon_ros.task.ament_cmake.build:Building ROS package in '/home/electronica/ros2_ws_v2/src/my_robot_description' with build type 'ament_cmake'
[2.671s] INFO:colcon.colcon_cmake.task.cmake.build:Building CMake package in '/home/electronica/ros2_ws_v2/src/my_robot_description'
[2.705s] INFO:colcon.colcon_core.plugin_system:Skipping extension 'colcon_core.shell.bat': Not used on non-Windows systems
[2.706s] INFO:colcon.colcon_core.shell:Skip shell extension 'powershell' for command environment: Not usable outside of PowerShell
[2.706s] DEBUG:colcon.colcon_core.shell:Skip shell extension 'dsv' for command environment
[2.842s] DEBUG:colcon.colcon_core.event_handler.log_command:Invoking command in '/home/electronica/ros2_ws_v2/build/my_robot_description': CMAKE_PREFIX_PATH=${CMAKE_PREFIX_PATH}:/home/electronica/ros2_ws/install/turtlesim_catch_them_all:/home/electronica/ros2_ws/install/my_py_pkg:/opt/ros/humble /usr/bin/cmake --build /home/electronica/ros2_ws_v2/build/my_robot_description -- -j8 -l8
[2.899s] DEBUG:colcon.colcon_core.event_handler.log_command:Invoked command in '/home/electronica/ros2_ws_v2/build/my_robot_description' returned '0': CMAKE_PREFIX_PATH=${CMAKE_PREFIX_PATH}:/home/electronica/ros2_ws/install/turtlesim_catch_them_all:/home/electronica/ros2_ws/install/my_py_pkg:/opt/ros/humble /usr/bin/cmake --build /home/electronica/ros2_ws_v2/build/my_robot_description -- -j8 -l8
[2.951s] DEBUG:colcon.colcon_core.event_handler.log_command:Invoking command in '/home/electronica/ros2_ws_v2/build/my_robot_description': CMAKE_PREFIX_PATH=${CMAKE_PREFIX_PATH}:/home/electronica/ros2_ws/install/turtlesim_catch_them_all:/home/electronica/ros2_ws/install/my_py_pkg:/opt/ros/humble /usr/bin/cmake --install /home/electronica/ros2_ws_v2/build/my_robot_description
[2.996s] Level 1:colcon.colcon_core.environment:create_environment_scripts_only(my_robot_description)
[2.997s] DEBUG:colcon.colcon_core.event_handler.log_command:Invoked command in '/home/electronica/ros2_ws_v2/build/my_robot_description' returned '0': CMAKE_PREFIX_PATH=${CMAKE_PREFIX_PATH}:/home/electronica/ros2_ws/install/turtlesim_catch_them_all:/home/electronica/ros2_ws/install/my_py_pkg:/opt/ros/humble /usr/bin/cmake --install /home/electronica/ros2_ws_v2/build/my_robot_description
[3.036s] Level 1:colcon.colcon_core.environment:checking '/home/electronica/ros2_ws_v2/install/my_robot_description' for CMake module files
[3.037s] Level 1:colcon.colcon_core.environment:checking '/home/electronica/ros2_ws_v2/install/my_robot_description' for CMake config files
[3.038s] Level 1:colcon.colcon_core.shell:create_environment_hook('my_robot_description', 'cmake_prefix_path')
[3.068s] INFO:colcon.colcon_core.shell:Creating environment hook '/home/electronica/ros2_ws_v2/install/my_robot_description/share/my_robot_description/hook/cmake_prefix_path.ps1'
[3.068s] INFO:colcon.colcon_core.shell:Creating environment descriptor '/home/electronica/ros2_ws_v2/install/my_robot_description/share/my_robot_description/hook/cmake_prefix_path.dsv'
[3.069s] INFO:colcon.colcon_core.shell:Creating environment hook '/home/electronica/ros2_ws_v2/install/my_robot_description/share/my_robot_description/hook/cmake_prefix_path.sh'
[3.070s] Level 1:colcon.colcon_core.environment:checking '/home/electronica/ros2_ws_v2/install/my_robot_description/bin'
[3.070s] Level 1:colcon.colcon_core.environment:checking '/home/electronica/ros2_ws_v2/install/my_robot_description/lib/pkgconfig/my_robot_description.pc'
[3.071s] Level 1:colcon.colcon_core.environment:checking '/home/electronica/ros2_ws_v2/install/my_robot_description/lib/python3.10/site-packages'
[3.071s] Level 1:colcon.colcon_core.environment:checking '/home/electronica/ros2_ws_v2/install/my_robot_description/bin'
[3.101s] INFO:colcon.colcon_core.shell:Creating package script '/home/electronica/ros2_ws_v2/install/my_robot_description/share/my_robot_description/package.ps1'
[3.102s] INFO:colcon.colcon_core.shell:Creating package descriptor '/home/electronica/ros2_ws_v2/install/my_robot_description/share/my_robot_description/package.dsv'
[3.103s] INFO:colcon.colcon_core.shell:Creating package script '/home/electronica/ros2_ws_v2/install/my_robot_description/share/my_robot_description/package.sh'
[3.104s] INFO:colcon.colcon_core.shell:Creating package script '/home/electronica/ros2_ws_v2/install/my_robot_description/share/my_robot_description/package.bash'
[3.105s] INFO:colcon.colcon_core.shell:Creating package script '/home/electronica/ros2_ws_v2/install/my_robot_description/share/my_robot_description/package.zsh'
[3.106s] Level 1:colcon.colcon_core.environment:create_file_with_runtime_dependencies(/home/electronica/ros2_ws_v2/install/my_robot_description/share/colcon-core/packages/my_robot_description)
[3.177s] Level 1:colcon.colcon_core.environment:create_environment_scripts_only(my_robot_description)
[3.211s] Level 1:colcon.colcon_core.environment:checking '/home/electronica/ros2_ws_v2/install/my_robot_description' for CMake module files
[3.212s] Level 1:colcon.colcon_core.environment:checking '/home/electronica/ros2_ws_v2/install/my_robot_description' for CMake config files
[3.212s] Level 1:colcon.colcon_core.shell:create_environment_hook('my_robot_description', 'cmake_prefix_path')
[3.242s] INFO:colcon.colcon_core.shell:Creating environment hook '/home/electronica/ros2_ws_v2/install/my_robot_description/share/my_robot_description/hook/cmake_prefix_path.ps1'
[3.243s] INFO:colcon.colcon_core.shell:Creating environment descriptor '/home/electronica/ros2_ws_v2/install/my_robot_description/share/my_robot_description/hook/cmake_prefix_path.dsv'
[3.243s] INFO:colcon.colcon_core.shell:Creating environment hook '/home/electronica/ros2_ws_v2/install/my_robot_description/share/my_robot_description/hook/cmake_prefix_path.sh'
[3.244s] Level 1:colcon.colcon_core.environment:checking '/home/electronica/ros2_ws_v2/install/my_robot_description/bin'
[3.244s] Level 1:colcon.colcon_core.environment:checking '/home/electronica/ros2_ws_v2/install/my_robot_description/lib/pkgconfig/my_robot_description.pc'
[3.244s] Level 1:colcon.colcon_core.environment:checking '/home/electronica/ros2_ws_v2/install/my_robot_description/lib/python3.10/site-packages'
[3.244s] Level 1:colcon.colcon_core.environment:checking '/home/electronica/ros2_ws_v2/install/my_robot_description/bin'
[3.274s] INFO:colcon.colcon_core.shell:Creating package script '/home/electronica/ros2_ws_v2/install/my_robot_description/share/my_robot_description/package.ps1'
[3.275s] INFO:colcon.colcon_core.shell:Creating package descriptor '/home/electronica/ros2_ws_v2/install/my_robot_description/share/my_robot_description/package.dsv'
[3.276s] INFO:colcon.colcon_core.shell:Creating package script '/home/electronica/ros2_ws_v2/install/my_robot_description/share/my_robot_description/package.sh'
[3.276s] INFO:colcon.colcon_core.shell:Creating package script '/home/electronica/ros2_ws_v2/install/my_robot_description/share/my_robot_description/package.bash'
[3.277s] INFO:colcon.colcon_core.shell:Creating package script '/home/electronica/ros2_ws_v2/install/my_robot_description/share/my_robot_description/package.zsh'
[3.277s] Level 1:colcon.colcon_core.environment:create_file_with_runtime_dependencies(/home/electronica/ros2_ws_v2/install/my_robot_description/share/colcon-core/packages/my_robot_description)
[3.278s] INFO:colcon.colcon_ros.task.ament_cmake.build:Building ROS package in '/home/electronica/ros2_ws_v2/src/my_robot_bringup' with build type 'ament_cmake'
[3.278s] INFO:colcon.colcon_cmake.task.cmake.build:Building CMake package in '/home/electronica/ros2_ws_v2/src/my_robot_bringup'
[3.311s] INFO:colcon.colcon_core.shell:Skip shell extension 'powershell' for command environment: Not usable outside of PowerShell
[3.311s] DEBUG:colcon.colcon_core.shell:Skip shell extension 'dsv' for command environment
[3.448s] DEBUG:colcon.colcon_core.event_handler.log_command:Invoking command in '/home/electronica/ros2_ws_v2/build/my_robot_bringup': CMAKE_PREFIX_PATH=/home/electronica/ros2_ws_v2/install/my_robot_description:/home/electronica/ros2_ws_v2/install/my_robot_bringup:/home/electronica/ros2_ws/install/my_robot_bringup:/home/electronica/ros2_ws/install/my_cpp_pkg:/home/electronica/ros2_ws/install/my_robots_interfaces:/home/electronica/ros2_ws/install/turtlesim_catch_them_all:/home/electronica/ros2_ws/install/my_py_pkg:/opt/ros/humble /usr/bin/cmake --build /home/electronica/ros2_ws_v2/build/my_robot_bringup -- -j8 -l8
[3.512s] DEBUG:colcon.colcon_core.event_handler.log_command:Invoked command in '/home/electronica/ros2_ws_v2/build/my_robot_bringup' returned '0': CMAKE_PREFIX_PATH=/home/electronica/ros2_ws_v2/install/my_robot_description:/home/electronica/ros2_ws_v2/install/my_robot_bringup:/home/electronica/ros2_ws/install/my_robot_bringup:/home/electronica/ros2_ws/install/my_cpp_pkg:/home/electronica/ros2_ws/install/my_robots_interfaces:/home/electronica/ros2_ws/install/turtlesim_catch_them_all:/home/electronica/ros2_ws/install/my_py_pkg:/opt/ros/humble /usr/bin/cmake --build /home/electronica/ros2_ws_v2/build/my_robot_bringup -- -j8 -l8
[3.549s] DEBUG:colcon.colcon_core.event_handler.log_command:Invoking command in '/home/electronica/ros2_ws_v2/build/my_robot_bringup': CMAKE_PREFIX_PATH=/home/electronica/ros2_ws_v2/install/my_robot_description:/home/electronica/ros2_ws_v2/install/my_robot_bringup:/home/electronica/ros2_ws/install/my_robot_bringup:/home/electronica/ros2_ws/install/my_cpp_pkg:/home/electronica/ros2_ws/install/my_robots_interfaces:/home/electronica/ros2_ws/install/turtlesim_catch_them_all:/home/electronica/ros2_ws/install/my_py_pkg:/opt/ros/humble /usr/bin/cmake --install /home/electronica/ros2_ws_v2/build/my_robot_bringup
[3.586s] Level 1:colcon.colcon_core.environment:create_environment_scripts_only(my_robot_bringup)
[3.587s] DEBUG:colcon.colcon_core.event_handler.log_command:Invoked command in '/home/electronica/ros2_ws_v2/build/my_robot_bringup' returned '0': CMAKE_PREFIX_PATH=/home/electronica/ros2_ws_v2/install/my_robot_description:/home/electronica/ros2_ws_v2/install/my_robot_bringup:/home/electronica/ros2_ws/install/my_robot_bringup:/home/electronica/ros2_ws/install/my_cpp_pkg:/home/electronica/ros2_ws/install/my_robots_interfaces:/home/electronica/ros2_ws/install/turtlesim_catch_them_all:/home/electronica/ros2_ws/install/my_py_pkg:/opt/ros/humble /usr/bin/cmake --install /home/electronica/ros2_ws_v2/build/my_robot_bringup
[3.623s] Level 1:colcon.colcon_core.environment:checking '/home/electronica/ros2_ws_v2/install/my_robot_bringup' for CMake module files
[3.624s] Level 1:colcon.colcon_core.environment:checking '/home/electronica/ros2_ws_v2/install/my_robot_bringup' for CMake config files
[3.625s] Level 1:colcon.colcon_core.shell:create_environment_hook('my_robot_bringup', 'cmake_prefix_path')
[3.659s] INFO:colcon.colcon_core.shell:Creating environment hook '/home/electronica/ros2_ws_v2/install/my_robot_bringup/share/my_robot_bringup/hook/cmake_prefix_path.ps1'
[3.660s] INFO:colcon.colcon_core.shell:Creating environment descriptor '/home/electronica/ros2_ws_v2/install/my_robot_bringup/share/my_robot_bringup/hook/cmake_prefix_path.dsv'
[3.661s] INFO:colcon.colcon_core.shell:Creating environment hook '/home/electronica/ros2_ws_v2/install/my_robot_bringup/share/my_robot_bringup/hook/cmake_prefix_path.sh'
[3.661s] Level 1:colcon.colcon_core.environment:checking '/home/electronica/ros2_ws_v2/install/my_robot_bringup/bin'
[3.661s] Level 1:colcon.colcon_core.environment:checking '/home/electronica/ros2_ws_v2/install/my_robot_bringup/lib/pkgconfig/my_robot_bringup.pc'
[3.662s] Level 1:colcon.colcon_core.environment:checking '/home/electronica/ros2_ws_v2/install/my_robot_bringup/lib/python3.10/site-packages'
[3.662s] Level 1:colcon.colcon_core.environment:checking '/home/electronica/ros2_ws_v2/install/my_robot_bringup/bin'
[3.693s] INFO:colcon.colcon_core.shell:Creating package script '/home/electronica/ros2_ws_v2/install/my_robot_bringup/share/my_robot_bringup/package.ps1'
[3.694s] INFO:colcon.colcon_core.shell:Creating package descriptor '/home/electronica/ros2_ws_v2/install/my_robot_bringup/share/my_robot_bringup/package.dsv'
[3.694s] INFO:colcon.colcon_core.shell:Creating package script '/home/electronica/ros2_ws_v2/install/my_robot_bringup/share/my_robot_bringup/package.sh'
[3.695s] INFO:colcon.colcon_core.shell:Creating package script '/home/electronica/ros2_ws_v2/install/my_robot_bringup/share/my_robot_bringup/package.bash'
[3.695s] INFO:colcon.colcon_core.shell:Creating package script '/home/electronica/ros2_ws_v2/install/my_robot_bringup/share/my_robot_bringup/package.zsh'
[3.696s] Level 1:colcon.colcon_core.environment:create_file_with_runtime_dependencies(/home/electronica/ros2_ws_v2/install/my_robot_bringup/share/colcon-core/packages/my_robot_bringup)
[3.775s] Level 1:colcon.colcon_core.environment:create_environment_scripts_only(my_robot_bringup)
[3.812s] Level 1:colcon.colcon_core.environment:checking '/home/electronica/ros2_ws_v2/install/my_robot_bringup' for CMake module files
[3.813s] Level 1:colcon.colcon_core.environment:checking '/home/electronica/ros2_ws_v2/install/my_robot_bringup' for CMake config files
[3.813s] Level 1:colcon.colcon_core.shell:create_environment_hook('my_robot_bringup', 'cmake_prefix_path')
[3.844s] INFO:colcon.colcon_core.shell:Creating environment hook '/home/electronica/ros2_ws_v2/install/my_robot_bringup/share/my_robot_bringup/hook/cmake_prefix_path.ps1'
[3.845s] INFO:colcon.colcon_core.shell:Creating environment descriptor '/home/electronica/ros2_ws_v2/install/my_robot_bringup/share/my_robot_bringup/hook/cmake_prefix_path.dsv'
[3.845s] INFO:colcon.colcon_core.shell:Creating environment hook '/home/electronica/ros2_ws_v2/install/my_robot_bringup/share/my_robot_bringup/hook/cmake_prefix_path.sh'
[3.846s] Level 1:colcon.colcon_core.environment:checking '/home/electronica/ros2_ws_v2/install/my_robot_bringup/bin'
[3.846s] Level 1:colcon.colcon_core.environment:checking '/home/electronica/ros2_ws_v2/install/my_robot_bringup/lib/pkgconfig/my_robot_bringup.pc'
[3.846s] Level 1:colcon.colcon_core.environment:checking '/home/electronica/ros2_ws_v2/install/my_robot_bringup/lib/python3.10/site-packages'
[3.846s] Level 1:colcon.colcon_core.environment:checking '/home/electronica/ros2_ws_v2/install/my_robot_bringup/bin'
[3.876s] INFO:colcon.colcon_core.shell:Creating package script '/home/electronica/ros2_ws_v2/install/my_robot_bringup/share/my_robot_bringup/package.ps1'
[3.877s] INFO:colcon.colcon_core.shell:Creating package descriptor '/home/electronica/ros2_ws_v2/install/my_robot_bringup/share/my_robot_bringup/package.dsv'
[3.878s] INFO:colcon.colcon_core.shell:Creating package script '/home/electronica/ros2_ws_v2/install/my_robot_bringup/share/my_robot_bringup/package.sh'
[3.878s] INFO:colcon.colcon_core.shell:Creating package script '/home/electronica/ros2_ws_v2/install/my_robot_bringup/share/my_robot_bringup/package.bash'
[3.879s] INFO:colcon.colcon_core.shell:Creating package script '/home/electronica/ros2_ws_v2/install/my_robot_bringup/share/my_robot_bringup/package.zsh'
[3.879s] Level 1:colcon.colcon_core.environment:create_file_with_runtime_dependencies(/home/electronica/ros2_ws_v2/install/my_robot_bringup/share/colcon-core/packages/my_robot_bringup)
[3.880s] DEBUG:colcon.colcon_parallel_executor.executor.parallel:closing loop
[3.880s] DEBUG:colcon.colcon_parallel_executor.executor.parallel:loop closed
[3.880s] DEBUG:colcon.colcon_parallel_executor.executor.parallel:run_until_complete finished with '0'
[3.881s] DEBUG:colcon.colcon_core.event_reactor:joining thread
[3.939s] INFO:colcon.colcon_core.plugin_system:Skipping extension 'colcon_notification.desktop_notification.terminal_notifier': Not used on non-Darwin systems
[3.939s] INFO:colcon.colcon_core.plugin_system:Skipping extension 'colcon_notification.desktop_notification.win32': Not used on non-Windows systems
[3.939s] INFO:colcon.colcon_notification.desktop_notification:Sending desktop notification using 'notify2'
[3.969s] DEBUG:colcon.colcon_core.event_reactor:joined thread
[4.000s] INFO:colcon.colcon_core.shell:Creating prefix script '/home/electronica/ros2_ws_v2/install/local_setup.ps1'
[4.001s] INFO:colcon.colcon_core.shell:Creating prefix util module '/home/electronica/ros2_ws_v2/install/_local_setup_util_ps1.py'
[4.003s] INFO:colcon.colcon_core.shell:Creating prefix chain script '/home/electronica/ros2_ws_v2/install/setup.ps1'
[4.034s] INFO:colcon.colcon_core.shell:Creating prefix script '/home/electronica/ros2_ws_v2/install/local_setup.sh'
[4.035s] INFO:colcon.colcon_core.shell:Creating prefix util module '/home/electronica/ros2_ws_v2/install/_local_setup_util_sh.py'
[4.036s] INFO:colcon.colcon_core.shell:Creating prefix chain script '/home/electronica/ros2_ws_v2/install/setup.sh'
[4.067s] INFO:colcon.colcon_core.shell:Creating prefix script '/home/electronica/ros2_ws_v2/install/local_setup.bash'
[4.068s] INFO:colcon.colcon_core.shell:Creating prefix chain script '/home/electronica/ros2_ws_v2/install/setup.bash'
[4.099s] INFO:colcon.colcon_core.shell:Creating prefix script '/home/electronica/ros2_ws_v2/install/local_setup.zsh'
[4.100s] INFO:colcon.colcon_core.shell:Creating prefix chain script '/home/electronica/ros2_ws_v2/install/setup.zsh'
