[0.170s] Invoking command in '/home/electronica/ros2_ws_v2/build/my_robot_bringup': CMAKE_PREFIX_PATH=/home/electronica/ros2_ws_v2/install/my_robot_description:/home/electronica/ros2_ws_v2/install/my_robot_bringup:/home/electronica/ros2_ws/install/my_robot_bringup:/home/electronica/ros2_ws/install/my_cpp_pkg:/home/electronica/ros2_ws/install/my_robots_interfaces:/home/electronica/ros2_ws/install/turtlesim_catch_them_all:/home/electronica/ros2_ws/install/my_py_pkg:/opt/ros/humble /usr/bin/cmake --build /home/electronica/ros2_ws_v2/build/my_robot_bringup -- -j8 -l8
[0.230s] Invoked command in '/home/electronica/ros2_ws_v2/build/my_robot_bringup' returned '0': CMAKE_PREFIX_PATH=/home/electronica/ros2_ws_v2/install/my_robot_description:/home/electronica/ros2_ws_v2/install/my_robot_bringup:/home/electronica/ros2_ws/install/my_robot_bringup:/home/electronica/ros2_ws/install/my_cpp_pkg:/home/electronica/ros2_ws/install/my_robots_interfaces:/home/electronica/ros2_ws/install/turtlesim_catch_them_all:/home/electronica/ros2_ws/install/my_py_pkg:/opt/ros/humble /usr/bin/cmake --build /home/electronica/ros2_ws_v2/build/my_robot_bringup -- -j8 -l8
[0.271s] Invoking command in '/home/electronica/ros2_ws_v2/build/my_robot_bringup': CMAKE_PREFIX_PATH=/home/electronica/ros2_ws_v2/install/my_robot_description:/home/electronica/ros2_ws_v2/install/my_robot_bringup:/home/electronica/ros2_ws/install/my_robot_bringup:/home/electronica/ros2_ws/install/my_cpp_pkg:/home/electronica/ros2_ws/install/my_robots_interfaces:/home/electronica/ros2_ws/install/turtlesim_catch_them_all:/home/electronica/ros2_ws/install/my_py_pkg:/opt/ros/humble /usr/bin/cmake --install /home/electronica/ros2_ws_v2/build/my_robot_bringup
[0.284s] -- Install configuration: ""
[0.284s] -- Execute custom install script
[0.285s] -- Up-to-date symlink: /home/electronica/ros2_ws_v2/install/my_robot_bringup/share/my_robot_bringup//launch/my_robot_gazebo.launch.xml
[0.286s] -- Up-to-date symlink: /home/electronica/ros2_ws_v2/install/my_robot_bringup/share/my_robot_bringup//rviz/urdf_config.rviz
[0.286s] -- Up-to-date symlink: /home/electronica/ros2_ws_v2/install/my_robot_bringup/share/my_robot_bringup//worlds/test_world.world
[0.286s] -- Up-to-date symlink: /home/electronica/ros2_ws_v2/install/my_robot_bringup/share/ament_index/resource_index/package_run_dependencies/my_robot_bringup
[0.287s] -- Up-to-date symlink: /home/electronica/ros2_ws_v2/install/my_robot_bringup/share/ament_index/resource_index/parent_prefix_path/my_robot_bringup
[0.287s] -- Up-to-date symlink: /home/electronica/ros2_ws_v2/install/my_robot_bringup/share/my_robot_bringup/environment/ament_prefix_path.sh
[0.287s] -- Up-to-date symlink: /home/electronica/ros2_ws_v2/install/my_robot_bringup/share/my_robot_bringup/environment/ament_prefix_path.dsv
[0.287s] -- Up-to-date symlink: /home/electronica/ros2_ws_v2/install/my_robot_bringup/share/my_robot_bringup/environment/path.sh
[0.288s] -- Up-to-date symlink: /home/electronica/ros2_ws_v2/install/my_robot_bringup/share/my_robot_bringup/environment/path.dsv
[0.288s] -- Up-to-date symlink: /home/electronica/ros2_ws_v2/install/my_robot_bringup/share/my_robot_bringup/local_setup.bash
[0.288s] -- Up-to-date symlink: /home/electronica/ros2_ws_v2/install/my_robot_bringup/share/my_robot_bringup/local_setup.sh
[0.289s] -- Up-to-date symlink: /home/electronica/ros2_ws_v2/install/my_robot_bringup/share/my_robot_bringup/local_setup.zsh
[0.289s] -- Up-to-date symlink: /home/electronica/ros2_ws_v2/install/my_robot_bringup/share/my_robot_bringup/local_setup.dsv
[0.289s] -- Symlinking: /home/electronica/ros2_ws_v2/install/my_robot_bringup/share/my_robot_bringup/package.dsv
[0.301s] -- Up-to-date symlink: /home/electronica/ros2_ws_v2/install/my_robot_bringup/share/ament_index/resource_index/packages/my_robot_bringup
[0.301s] -- Up-to-date symlink: /home/electronica/ros2_ws_v2/install/my_robot_bringup/share/my_robot_bringup/cmake/my_robot_bringupConfig.cmake
[0.302s] -- Up-to-date symlink: /home/electronica/ros2_ws_v2/install/my_robot_bringup/share/my_robot_bringup/cmake/my_robot_bringupConfig-version.cmake
[0.302s] -- Up-to-date symlink: /home/electronica/ros2_ws_v2/install/my_robot_bringup/share/my_robot_bringup/package.xml
[0.304s] Invoked command in '/home/electronica/ros2_ws_v2/build/my_robot_bringup' returned '0': CMAKE_PREFIX_PATH=/home/electronica/ros2_ws_v2/install/my_robot_description:/home/electronica/ros2_ws_v2/install/my_robot_bringup:/home/electronica/ros2_ws/install/my_robot_bringup:/home/electronica/ros2_ws/install/my_cpp_pkg:/home/electronica/ros2_ws/install/my_robots_interfaces:/home/electronica/ros2_ws/install/turtlesim_catch_them_all:/home/electronica/ros2_ws/install/my_py_pkg:/opt/ros/humble /usr/bin/cmake --install /home/electronica/ros2_ws_v2/build/my_robot_bringup
